\BOOKMARK [1][-]{section.1}{\376\377\000S\000m\000o\000o\000t\000h\000\040\000A\000l\000g\000e\000b\000r\000a\000s}{}% 1
\BOOKMARK [2][-]{subsection.1.1}{\376\377\000S\000m\000o\000o\000t\000h\000\040\000A\000l\000g\000e\000b\000r\000a\000s}{section.1}% 2
\BOOKMARK [1][-]{section.2}{\376\377\000G\000e\000o\000m\000e\000t\000r\000i\000c\000\040\000P\000r\000o\000p\000e\000r\000t\000i\000e\000s\000\040\000o\000f\000\040\000R\000i\000n\000g\000\040\000H\000o\000m\000o\000m\000o\000r\000p\000h\000i\000s\000m\000s}{}% 3
\BOOKMARK [2][-]{subsection.2.1}{\376\377\000F\000i\000n\000i\000t\000e\000\040\000a\000n\000d\000\040\000Q\000u\000a\000s\000i\000-\000F\000i\000n\000i\000t\000e\000\040\000M\000o\000r\000p\000h\000i\000s\000m\000s}{section.2}% 4
\BOOKMARK [2][-]{subsection.2.2}{\376\377\000U\000n\000r\000a\000m\000i\000f\000i\000e\000d\000\040\000M\000o\000r\000p\000h\000i\000s\000m\000s}{section.2}% 5
\BOOKMARK [2][-]{subsection.2.3}{\376\377\000E\000t\000a\000l\000e\000\040\000M\000o\000r\000p\000h\000i\000s\000m\000s}{section.2}% 6
\BOOKMARK [1][-]{section.3}{\376\377\000D\000e\000r\000i\000v\000e\000d\000\040\000C\000a\000t\000e\000g\000o\000r\000i\000e\000s\000\040\000i\000n\000\040\000A\000l\000g\000e\000b\000r\000a\000i\000c\000\040\000G\000e\000o\000m\000e\000t\000r\000y}{}% 7
\BOOKMARK [2][-]{subsection.3.1}{\376\377\000D\000e\000r\000i\000v\000e\000d\000\040\000C\000a\000t\000e\000g\000o\000r\000i\000e\000s\000\040\000o\000f\000\040\000S\000c\000h\000e\000m\000e\000s}{section.3}% 8
\BOOKMARK [1][-]{section.4}{\376\377\000I\000n\000t\000e\000r\000s\000e\000c\000t\000i\000o\000n\000\040\000T\000h\000e\000o\000r\000y}{}% 9
\BOOKMARK [2][-]{subsection.4.1}{\376\377\000T\000h\000e\000\040\000O\000r\000d\000e\000r\000\040\000o\000f\000\040\000Z\000e\000r\000o\000e\000s\000\040\000a\000n\000d\000\040\000P\000o\000l\000e\000s}{section.4}% 10
\BOOKMARK [2][-]{subsection.4.2}{\376\377\000T\000h\000e\000\040\000I\000n\000d\000u\000c\000e\000d\000\040\000M\000a\000p}{section.4}% 11
\BOOKMARK [1][-]{section.5}{\376\377\000S\000y\000m\000m\000e\000t\000r\000i\000c\000\040\000P\000o\000l\000y\000n\000o\000m\000i\000a\000l\000s}{}% 12
\BOOKMARK [2][-]{subsection.5.1}{\376\377\000S\000y\000m\000m\000e\000t\000r\000i\000c\000\040\000P\000o\000l\000y\000n\000o\000m\000i\000a\000l\000s}{section.5}% 13
\BOOKMARK [1][-]{section.6}{\376\377\000-\000R\000i\000n\000g\000s}{}% 14
\BOOKMARK [2][-]{subsection.6.1}{\376\377\000-\000R\000i\000n\000g\000s}{section.6}% 15
\BOOKMARK [2][-]{subsection.6.2}{\376\377\000-\000R\000i\000n\000g\000\040\000H\000o\000m\000o\000m\000o\000r\000p\000h\000i\000s\000m\000s\000\040\000a\000n\000d\000\040\000I\000d\000e\000a\000l\000s}{section.6}% 16
\BOOKMARK [2][-]{subsection.6.3}{\376\377\000A\000u\000g\000m\000e\000n\000t\000e\000d\000\040\000-\000R\000i\000n\000g\000s}{section.6}% 17
\BOOKMARK [2][-]{subsection.6.4}{\376\377\000E\000x\000t\000e\000n\000d\000i\000n\000g\000\040\000-\000S\000t\000r\000u\000c\000t\000u\000r\000e\000s}{section.6}% 18
\BOOKMARK [2][-]{subsection.6.5}{\376\377\000F\000r\000e\000e\000\040\000-\000R\000i\000n\000g\000s}{section.6}% 19
\BOOKMARK [2][-]{subsection.6.6}{\376\377\000T\000h\000e\000\040\000U\000n\000i\000v\000e\000r\000s\000a\000l\000\040\000-\000R\000i\000n\000g}{section.6}% 20
\BOOKMARK [2][-]{subsection.6.7}{\376\377\000A\000d\000a\000m\000s\000\040\000O\000p\000e\000r\000a\000t\000i\000o\000n\000s}{section.6}% 21
\BOOKMARK [1][-]{section.7}{\376\377\000W\000i\000t\000t\000\040\000V\000e\000c\000t\000o\000r\000s}{}% 22
\BOOKMARK [2][-]{subsection.7.1}{\376\377\000F\000u\000n\000d\000a\000m\000e\000n\000t\000a\000l\000s\000\040\000o\000f\000\040\000t\000h\000e\000\040\000R\000i\000n\000g\000\040\000o\000f\000\040\000B\000i\000g\000\040\000W\000i\000t\000t\000\040\000V\000e\000c\000t\000o\000r\000s}{section.7}% 23
\BOOKMARK [2][-]{subsection.7.2}{\376\377\000I\000m\000p\000o\000r\000t\000a\000n\000t\000\040\000M\000a\000p\000s\000\040\000o\000f\000\040\000W\000i\000t\000t\000\040\000V\000e\000c\000t\000o\000r\000s}{section.7}% 24
\BOOKMARK [2][-]{subsection.7.3}{\376\377\000T\000h\000e\000\040\000R\000i\000n\000g\000\040\000o\000f\000\040\000p\000-\000T\000y\000p\000i\000c\000a\000l\000\040\000W\000i\000t\000t\000\040\000V\000e\000c\000t\000o\000r\000s}{section.7}% 25
\BOOKMARK [2][-]{subsection.7.4}{\376\377\000T\000h\000e\000\040\000-\000s\000t\000r\000u\000c\000t\000u\000r\000e\000\040\000o\000n\000\040\000W\000\050\000R\000\051}{section.7}% 26
\BOOKMARK [1][-]{section.8}{\376\377\000F\000o\000r\000m\000a\000l\000\040\000G\000r\000o\000u\000p\000\040\000L\000a\000w\000s}{}% 27
\BOOKMARK [1][-]{section.9}{\376\377\000C\000a\000l\000c\000u\000l\000u\000s\000\040\000o\000f\000\040\000F\000u\000n\000c\000t\000o\000r\000s}{}% 28
\BOOKMARK [2][-]{subsection.9.1}{\376\377\000E\000x\000c\000i\000s\000i\000v\000e\000\040\000F\000u\000n\000c\000t\000o\000r\000s}{section.9}% 29
\BOOKMARK [2][-]{subsection.9.2}{\376\377\000T\000h\000e\000\040\000T\000a\000y\000l\000o\000r\000\040\000T\000o\000w\000e\000r}{section.9}% 30
\BOOKMARK [2][-]{subsection.9.3}{\376\377\000L\000i\000n\000e\000a\000r\000\040\000F\000u\000n\000c\000t\000o\000r\000s}{section.9}% 31
\BOOKMARK [2][-]{subsection.9.4}{\376\377\000C\000a\000t\000a\000l\000o\000g\000u\000e\000\040\000o\000f\000\040\000C\000o\000n\000s\000t\000r\000u\000c\000t\000i\000o\000n\000\040\000N\000e\000e\000d\000e\000d}{section.9}% 32
\BOOKMARK [2][-]{subsection.9.5}{\376\377\000I\000m\000p\000o\000r\000t\000a\000n\000t\000\040\000T\000h\000e\000o\000r\000e\000m\000s}{section.9}% 33
\BOOKMARK [1][-]{section.10}{\376\377\000S\000t\000a\000b\000l\000e\000\040\000I\000n\000f\000i\000n\000i\000t\000y\000\040\000C\000a\000t\000e\000g\000o\000r\000i\000e\000s}{}% 34
\BOOKMARK [2][-]{subsection.10.1}{\376\377\000S\000t\000a\000b\000l\000e\000\040\000I\000n\000f\000i\000n\000i\000t\000y\000\040\000C\000a\000t\000e\000g\000o\000r\000i\000e\000s}{section.10}% 35
\BOOKMARK [2][-]{subsection.10.2}{}{section.10}% 36
\BOOKMARK [2][-]{subsection.10.3}{}{section.10}% 37
\BOOKMARK [1][-]{section.11}{\376\377\000A\000l\000g\000e\000b\000r\000a\000s\000\040\000a\000n\000d\000\040\000C\000o\000a\000l\000g\000e\000b\000r\000a\000s}{}% 38
\BOOKMARK [2][-]{subsection.11.1}{\376\377\000C\000o\000a\000l\000g\000e\000b\000r\000a\000s}{section.11}% 39
\BOOKMARK [2][-]{subsection.11.2}{\376\377\000B\000i\000a\000l\000g\000e\000b\000r\000a\000s}{section.11}% 40
\BOOKMARK [1][-]{section.12}{\376\377\000H\000o\000p\000f\000\040\000A\000l\000g\000e\000b\000r\000a\000s}{}% 41
\BOOKMARK [2][-]{subsection.12.1}{\376\377\000H\000o\000p\000f\000\040\000A\000l\000g\000e\000b\000r\000a\000s}{section.12}% 42
\BOOKMARK [1][-]{section.13}{\376\377\000D\000i\000f\000f\000e\000r\000e\000n\000t\000i\000a\000l\000\040\000G\000r\000a\000d\000e\000d\000\040\000A\000l\000g\000e\000b\000r\000a}{}% 43
\BOOKMARK [2][-]{subsection.13.1}{\376\377\000B\000a\000s\000i\000c\000\040\000D\000e\000f\000i\000n\000i\000t\000i\000o\000n\000s}{section.13}% 44
\BOOKMARK [1][-]{section.14}{\376\377\000G\000r\000o\000u\000p\000\040\000S\000t\000r\000u\000c\000t\000u\000r\000e\000s\000\040\000o\000n\000\040\000M\000a\000p\000s\000\040\000o\000f\000\040\000S\000p\000a\000c\000e\000s}{}% 45
\BOOKMARK [1][-]{section.15}{\376\377\000R\000\040\000P\000r\000o\000j\000e\000c\000t}{}% 46
\BOOKMARK [2][-]{subsection.15.1}{\376\377\000H\000o\000m\000o\000t\000o\000p\000y\000\040\000A\000x\000i\000o\000m\000s}{section.15}% 47
\BOOKMARK [2][-]{subsection.15.2}{\376\377\000B\000l\000a\000k\000e\000r\000s\000-\000M\000a\000s\000s\000e\000y\000\040\000T\000h\000e\000o\000r\000e\000m}{section.15}% 48
\BOOKMARK [2][-]{subsection.15.3}{\376\377\000L\000i\000n\000e\000a\000r\000\040\000F\000u\000n\000c\000t\000o\000r\000s\000\040\000a\000n\000d\000\040\000S\000p\000e\000c\000t\000r\000a}{section.15}% 49
\BOOKMARK [2][-]{subsection.15.4}{}{section.15}% 50
