\BOOKMARK [-1][-]{part.1}{\376\377\000I\000\040\000T\000h\000e\000\040\000F\000o\000u\000n\000d\000a\000t\000i\000o\000n\000s\000\040\000o\000f\000\040\000M\000a\000t\000h\000e\000m\000a\000t\000i\000c\000s}{}% 1
\BOOKMARK [0][-]{chapter.1}{\376\377\000S\000e\000t\000\040\000T\000h\000e\000o\000r\000y}{part.1}% 2
\BOOKMARK [1][-]{section.1.1}{\376\377\000T\000h\000e\000\040\000f\000i\000r\000s\000t\000\040\0003\000\040\000A\000x\000i\000o\000m\000s}{chapter.1}% 3
\BOOKMARK [2][-]{subsection.1.1.1}{\376\377\000I\000n\000t\000r\000o\000d\000u\000c\000t\000i\000o\000n}{section.1.1}% 4
\BOOKMARK [2][-]{subsection.1.1.2}{\376\377\000A\000x\000i\000o\000m\000\040\000o\000f\000\040\000E\000x\000t\000e\000n\000s\000i\000o\000n\000a\000l\000i\000t\000y}{section.1.1}% 5
\BOOKMARK [2][-]{subsection.1.1.3}{\376\377\000A\000x\000i\000o\000m\000\040\000o\000f\000\040\000R\000e\000g\000u\000l\000a\000r\000i\000t\000y}{section.1.1}% 6
\BOOKMARK [2][-]{subsection.1.1.4}{\376\377\000A\000x\000i\000o\000m\000\040\000S\000c\000h\000e\000m\000a\000\040\000o\000f\000\040\000S\000p\000e\000c\000i\000f\000i\000c\000a\000t\000i\000o\000n}{section.1.1}% 7
\BOOKMARK [1][-]{section.1.2}{\376\377\000U\000n\000i\000o\000n\000s\000\040\000a\000n\000d\000\040\000I\000n\000t\000e\000r\000s\000e\000c\000t\000i\000o\000n\000s}{chapter.1}% 8
\BOOKMARK [2][-]{subsection.1.2.1}{\376\377\000A\000x\000i\000o\000m\000\040\000o\000f\000\040\000U\000n\000i\000o\000n\000s}{section.1.2}% 9
\BOOKMARK [2][-]{subsection.1.2.2}{\376\377\000C\000o\000m\000p\000l\000e\000m\000e\000n\000t\000s}{section.1.2}% 10
\BOOKMARK [2][-]{subsection.1.2.3}{\376\377\000A\000x\000i\000o\000m\000\040\000o\000f\000\040\000P\000o\000w\000e\000r\000s}{section.1.2}% 11
\BOOKMARK [1][-]{section.1.3}{\376\377\000F\000u\000n\000c\000t\000i\000o\000n\000s\000\040\000a\000n\000d\000\040\000R\000e\000l\000a\000t\000i\000o\000n\000s}{chapter.1}% 12
\BOOKMARK [2][-]{subsection.1.3.1}{\376\377\000C\000a\000r\000t\000e\000s\000i\000a\000n\000\040\000P\000r\000o\000d\000u\000c\000t\000s}{section.1.3}% 13
\BOOKMARK [2][-]{subsection.1.3.2}{\376\377\000R\000e\000l\000a\000t\000i\000o\000n\000s}{section.1.3}% 14
\BOOKMARK [2][-]{subsection.1.3.3}{\376\377\000F\000u\000n\000c\000t\000i\000o\000n\000s}{section.1.3}% 15
\BOOKMARK [2][-]{subsection.1.3.4}{\376\377\000C\000o\000m\000p\000o\000s\000i\000t\000i\000o\000n\000s}{section.1.3}% 16
\BOOKMARK [2][-]{subsection.1.3.5}{\376\377\000I\000n\000v\000e\000r\000s\000e\000s}{section.1.3}% 17
\BOOKMARK [1][-]{section.1.4}{\376\377\000N\000u\000m\000b\000e\000r\000\040\000S\000y\000s\000t\000e\000m\000s}{chapter.1}% 18
\BOOKMARK [2][-]{subsection.1.4.1}{\376\377\000A\000x\000i\000o\000m\000\040\000o\000f\000\040\000I\000n\000f\000i\000n\000i\000t\000y}{section.1.4}% 19
\BOOKMARK [2][-]{subsection.1.4.2}{\376\377\000T\000h\000e\000\040\000P\000e\000a\000n\000o\000\040\000A\000x\000i\000o\000m\000s}{section.1.4}% 20
\BOOKMARK [2][-]{subsection.1.4.3}{\376\377\000A\000r\000i\000t\000h\000m\000e\000t\000i\000c}{section.1.4}% 21
\BOOKMARK [1][-]{section.1.5}{\376\377\000C\000o\000m\000p\000a\000r\000i\000n\000g\000\040\000S\000e\000t\000s}{chapter.1}% 22
\BOOKMARK [2][-]{subsection.1.5.1}{\376\377\000O\000r\000d\000e\000r\000\040\000i\000n\000\040\000t\000h\000e\000\040\000N\000a\000t\000u\000r\000a\000l\000\040\000N\000u\000m\000b\000e\000r\000s}{section.1.5}% 23
\BOOKMARK [2][-]{subsection.1.5.2}{\376\377\000C\000a\000r\000d\000i\000n\000a\000l\000i\000t\000y}{section.1.5}% 24
\BOOKMARK [2][-]{subsection.1.5.3}{\376\377\000P\000o\000s\000e\000t\000s}{section.1.5}% 25
\BOOKMARK [2][-]{subsection.1.5.4}{\376\377\000A\000x\000i\000o\000m\000\040\000o\000f\000\040\000C\000h\000o\000i\000c\000e\000\040\000a\000n\000d\000\040\000Z\000o\000r\000n\000'\000s\000\040\000L\000e\000m\000m\000a}{section.1.5}% 26
\BOOKMARK [2][-]{subsection.1.5.5}{\376\377\000W\000e\000l\000l\000\040\000O\000r\000d\000e\000r\000i\000n\000g}{section.1.5}% 27
\BOOKMARK [2][-]{subsection.1.5.6}{\376\377\000T\000r\000a\000n\000s\000f\000i\000n\000i\000t\000e\000\040\000R\000e\000c\000u\000r\000s\000i\000o\000n}{section.1.5}% 28
\BOOKMARK [1][-]{section.1.6}{\376\377\000B\000e\000y\000o\000n\000d\000\040\000I\000n\000f\000i\000n\000i\000t\000y}{chapter.1}% 29
\BOOKMARK [2][-]{subsection.1.6.1}{\376\377\000O\000r\000d\000i\000n\000a\000l\000\040\000N\000u\000m\000b\000e\000r\000s}{section.1.6}% 30
\BOOKMARK [0][-]{chapter.2}{\376\377\000N\000u\000m\000b\000e\000r\000\040\000S\000y\000s\000t\000e\000m\000s}{part.1}% 31
\BOOKMARK [1][-]{section.2.1}{\376\377\000N\000a\000t\000u\000r\000a\000l\000\040\000N\000u\000m\000b\000e\000r\000s}{chapter.2}% 32
\BOOKMARK [2][-]{subsection.2.1.1}{\376\377\000O\000r\000d\000e\000r\000\040\000o\000f\000\040\000N\000a\000t\000u\000r\000a\000l\000\040\000N\000u\000m\000b\000e\000r\000s}{section.2.1}% 33
\BOOKMARK [1][-]{section.2.2}{\376\377\000I\000n\000t\000e\000g\000e\000r\000s}{chapter.2}% 34
\BOOKMARK [2][-]{subsection.2.2.1}{\376\377\000I\000n\000t\000r\000o\000d\000u\000c\000t\000i\000o\000n\000\040\000t\000o\000\040\000I\000n\000t\000e\000g\000e\000r\000s}{section.2.2}% 35
\BOOKMARK [2][-]{subsection.2.2.2}{\376\377\000D\000i\000v\000i\000s\000i\000b\000i\000l\000i\000t\000y}{section.2.2}% 36
\BOOKMARK [2][-]{subsection.2.2.3}{\376\377\000T\000h\000e\000\040\000D\000i\000v\000i\000s\000i\000o\000n\000\040\000A\000l\000g\000o\000r\000i\000t\000h\000m}{section.2.2}% 37
\BOOKMARK [2][-]{subsection.2.2.4}{\376\377\000U\000n\000i\000q\000u\000e\000\040\000F\000a\000c\000t\000o\000r\000i\000z\000a\000t\000i\000o\000n}{section.2.2}% 38
\BOOKMARK [1][-]{section.2.3}{\376\377\000R\000a\000t\000i\000o\000n\000a\000l\000\040\000N\000u\000m\000b\000e\000r\000s}{chapter.2}% 39
\BOOKMARK [2][-]{subsection.2.3.1}{\376\377\000I\000n\000t\000r\000o\000d\000u\000c\000t\000i\000o\000n\000\040\000t\000o\000\040\000R\000a\000t\000i\000o\000n\000a\000l\000s}{section.2.3}% 40
\BOOKMARK [2][-]{subsection.2.3.2}{\376\377\000A\000r\000i\000t\000h\000m\000e\000t\000i\000c\000\040\000a\000n\000d\000\040\000O\000r\000d\000e\000r\000\040\000o\000f\000\040\000R\000a\000t\000i\000o\000n\000a\000l\000s}{section.2.3}% 41
\BOOKMARK [1][-]{section.2.4}{\376\377\000R\000e\000a\000l\000\040\000N\000u\000m\000b\000e\000r\000s}{chapter.2}% 42
\BOOKMARK [2][-]{subsection.2.4.1}{\376\377\000D\000e\000d\000e\000k\000i\000n\000d\000\040\000C\000u\000t\000s}{section.2.4}% 43
\BOOKMARK [2][-]{subsection.2.4.2}{\376\377\000T\000h\000e\000\040\000B\000i\000n\000o\000m\000i\000a\000l\000\040\000T\000h\000e\000o\000r\000e\000m}{section.2.4}% 44
\BOOKMARK [1][-]{section.2.5}{\376\377\000C\000o\000m\000p\000l\000e\000x\000\040\000N\000u\000m\000b\000e\000r\000s}{chapter.2}% 45
\BOOKMARK [2][-]{subsection.2.5.1}{\376\377\000I\000n\000t\000r\000o\000d\000u\000c\000t\000i\000o\000n\000\040\000t\000o\000\040\000C\000o\000m\000p\000l\000e\000x\000\040\000N\000u\000m\000b\000e\000r\000s}{section.2.5}% 46
\BOOKMARK [2][-]{subsection.2.5.2}{\376\377\000M\000o\000d\000u\000l\000u\000s\000\040\000a\000n\000d\000\040\000A\000r\000g\000u\000m\000e\000n\000t}{section.2.5}% 47
\BOOKMARK [2][-]{subsection.2.5.3}{\376\377\000E\000x\000p\000o\000n\000e\000n\000t\000i\000a\000l\000\040\000F\000o\000r\000m\000\040\000o\000f\000\040\000C\000o\000m\000p\000l\000e\000x\000\040\000N\000u\000m\000b\000e\000r\000s}{section.2.5}% 48
\BOOKMARK [1][-]{section.2.6}{\376\377\000A\000l\000g\000e\000b\000r\000a\000i\000c\000\040\000I\000n\000e\000q\000u\000a\000l\000i\000t\000i\000e\000s}{chapter.2}% 49
\BOOKMARK [1][-]{section.2.7}{\376\377\000B\000a\000s\000i\000c\000s\000\040\000o\000f\000\040\000M\000a\000t\000r\000i\000c\000e\000s}{chapter.2}% 50
\BOOKMARK [2][-]{subsection.2.7.1}{\376\377\000M\000a\000t\000r\000i\000c\000e\000s\000\040\000a\000n\000d\000\040\000i\000t\000s\000\040\000O\000p\000e\000r\000a\000t\000i\000o\000n\000s}{section.2.7}% 51
\BOOKMARK [2][-]{subsection.2.7.2}{\376\377\000E\000l\000e\000m\000e\000n\000t\000a\000r\000y\000\040\000M\000a\000t\000r\000i\000c\000e\000s}{section.2.7}% 52
\BOOKMARK [2][-]{subsection.2.7.3}{\376\377\000R\000o\000w\000\040\000O\000p\000e\000r\000a\000t\000i\000o\000n\000s}{section.2.7}% 53
\BOOKMARK [2][-]{subsection.2.7.4}{\376\377\000D\000e\000t\000e\000r\000m\000i\000n\000a\000n\000t\000s}{section.2.7}% 54
\BOOKMARK [2][-]{subsection.2.7.5}{\376\377\000I\000n\000v\000e\000r\000s\000e\000s\000\040\000o\000f\000\040\000M\000a\000t\000r\000i\000c\000e\000s}{section.2.7}% 55
\BOOKMARK [2][-]{subsection.2.7.6}{\376\377\000S\000y\000s\000t\000e\000m\000\040\000o\000f\000\040\000L\000i\000n\000e\000a\000r\000\040\000E\000q\000u\000a\000t\000i\000o\000n\000s}{section.2.7}% 56
\BOOKMARK [2][-]{subsection.2.7.7}{\376\377\000S\000y\000s\000t\000e\000m\000\040\000o\000f\000\040\000L\000i\000n\000e\000a\000r\000\040\000E\000q\000u\000a\000t\000i\000o\000n\000s}{section.2.7}% 57
\BOOKMARK [-1][-]{part.2}{\376\377\000I\000I\000\040\000T\000h\000e\000\040\000F\000u\000n\000d\000a\000m\000e\000n\000t\000a\000l\000s\000\040\000o\000f\000\040\000A\000n\000a\000l\000y\000s\000i\000s}{}% 58
\BOOKMARK [0][-]{chapter.3}{\376\377\000R\000e\000a\000l\000\040\000A\000n\000a\000l\000y\000s\000i\000s}{part.2}% 59
\BOOKMARK [1][-]{section.3.1}{\376\377\000D\000e\000v\000e\000l\000o\000p\000i\000n\000g\000\040\000t\000h\000e\000\040\000R\000e\000a\000l\000\040\000N\000u\000m\000b\000e\000r\000s}{chapter.3}% 60
\BOOKMARK [2][-]{subsection.3.1.1}{\376\377\000P\000r\000o\000p\000e\000r\000t\000i\000e\000s\000\040\000o\000f\000\040\000t\000h\000e\000\040\000R\000e\000a\000l\000\040\000N\000u\000m\000b\000e\000r\000s}{section.3.1}% 61
\BOOKMARK [2][-]{subsection.3.1.2}{\376\377\000T\000h\000e\000\040\000C\000o\000m\000p\000l\000e\000t\000e\000n\000e\000s\000s\000\040\000A\000x\000i\000o\000m}{section.3.1}% 62
\BOOKMARK [2][-]{subsection.3.1.3}{\376\377\000D\000e\000n\000s\000i\000t\000y\000\040\000o\000f\000\040\000t\000h\000e\000\040\000R\000e\000a\000l\000\040\000N\000u\000m\000b\000e\000r\000s}{section.3.1}% 63
\BOOKMARK [1][-]{section.3.2}{\376\377\000S\000e\000q\000u\000e\000n\000c\000e\000s}{chapter.3}% 64
\BOOKMARK [2][-]{subsection.3.2.1}{\376\377\000S\000e\000q\000u\000e\000n\000c\000e\000s\000\040\000a\000n\000d\000\040\000C\000o\000n\000v\000e\000r\000g\000e\000n\000c\000e\000s}{section.3.2}% 65
\BOOKMARK [2][-]{subsection.3.2.2}{\376\377\000S\000u\000b\000s\000e\000q\000u\000e\000n\000c\000e\000s}{section.3.2}% 66
\BOOKMARK [2][-]{subsection.3.2.3}{\376\377\000C\000a\000u\000c\000h\000y\000\040\000S\000e\000q\000u\000e\000n\000c\000e\000s}{section.3.2}% 67
\BOOKMARK [2][-]{subsection.3.2.4}{\376\377\000S\000t\000a\000n\000d\000a\000r\000d\000\040\000L\000i\000m\000i\000t\000s}{section.3.2}% 68
\BOOKMARK [2][-]{subsection.3.2.5}{\376\377\000F\000u\000r\000t\000h\000e\000r\000\040\000D\000e\000v\000e\000l\000o\000p\000i\000n\000g\000\040\000t\000h\000e\000\040\000R\000e\000a\000l\000\040\000N\000u\000m\000b\000e\000r\000s}{section.3.2}% 69
\BOOKMARK [1][-]{section.3.3}{\376\377\000S\000e\000r\000i\000e\000s}{chapter.3}% 70
\BOOKMARK [2][-]{subsection.3.3.1}{\376\377\000S\000e\000r\000i\000e\000s\000\040\000a\000n\000d\000\040\000C\000o\000n\000v\000e\000r\000g\000e\000n\000c\000e\000s}{section.3.3}% 71
\BOOKMARK [2][-]{subsection.3.3.2}{\376\377\000S\000e\000r\000i\000e\000s\000\040\000w\000i\000t\000h\000\040\000N\000o\000n\000-\000n\000e\000g\000a\000t\000i\000v\000e\000\040\000T\000e\000r\000m\000s}{section.3.3}% 72
\BOOKMARK [2][-]{subsection.3.3.3}{\376\377\000A\000l\000t\000e\000r\000n\000a\000t\000i\000n\000g\000\040\000S\000e\000r\000i\000e\000s}{section.3.3}% 73
\BOOKMARK [2][-]{subsection.3.3.4}{\376\377\000A\000b\000s\000o\000l\000u\000t\000e\000\040\000C\000o\000n\000v\000e\000r\000g\000e\000n\000c\000e}{section.3.3}% 74
\BOOKMARK [2][-]{subsection.3.3.5}{\376\377\000R\000e\000a\000r\000r\000a\000n\000g\000e\000m\000e\000n\000t\000\040\000o\000f\000\040\000S\000e\000r\000i\000e\000s}{section.3.3}% 75
\BOOKMARK [1][-]{section.3.4}{\376\377\000L\000i\000m\000i\000t\000s\000\040\000a\000n\000d\000\040\000C\000o\000n\000t\000i\000n\000u\000i\000t\000y}{chapter.3}% 76
\BOOKMARK [2][-]{subsection.3.4.1}{\376\377\000L\000i\000m\000i\000t\000s}{section.3.4}% 77
\BOOKMARK [2][-]{subsection.3.4.2}{\376\377\000C\000o\000n\000t\000i\000n\000u\000i\000t\000y}{section.3.4}% 78
\BOOKMARK [2][-]{subsection.3.4.3}{\376\377\000U\000n\000i\000f\000o\000r\000m\000\040\000C\000o\000n\000t\000i\000n\000u\000i\000t\000y}{section.3.4}% 79
\BOOKMARK [2][-]{subsection.3.4.4}{\376\377\000P\000o\000w\000e\000r\000\040\000S\000e\000r\000i\000e\000s}{section.3.4}% 80
\BOOKMARK [1][-]{section.3.5}{\376\377\000D\000i\000f\000f\000e\000r\000e\000n\000t\000i\000a\000t\000i\000o\000n}{chapter.3}% 81
\BOOKMARK [2][-]{subsection.3.5.1}{\376\377\000P\000r\000o\000p\000e\000r\000t\000i\000e\000s\000\040\000o\000f\000\040\000t\000h\000e\000\040\000D\000e\000r\000i\000v\000a\000t\000i\000v\000e}{section.3.5}% 82
\BOOKMARK [2][-]{subsection.3.5.2}{\376\377\000I\000n\000v\000e\000r\000s\000e\000\040\000o\000f\000\040\000t\000h\000e\000\040\000D\000e\000r\000i\000v\000a\000t\000i\000v\000e}{section.3.5}% 83
\BOOKMARK [2][-]{subsection.3.5.3}{\376\377\000M\000e\000a\000n\000\040\000V\000a\000l\000u\000e\000\040\000T\000h\000e\000o\000r\000e\000m}{section.3.5}% 84
\BOOKMARK [2][-]{subsection.3.5.4}{\376\377\000M\000o\000r\000e\000\040\000o\000n\000\040\000P\000o\000w\000e\000r\000\040\000S\000e\000r\000i\000e\000s}{section.3.5}% 85
\BOOKMARK [2][-]{subsection.3.5.5}{\376\377\000T\000a\000y\000l\000o\000r\000\040\000S\000e\000r\000i\000e\000s}{section.3.5}% 86
\BOOKMARK [2][-]{subsection.3.5.6}{\376\377\000T\000h\000e\000\040\000E\000x\000p\000o\000n\000e\000n\000t\000i\000a\000l\000\040\000S\000e\000r\000i\000e\000s}{section.3.5}% 87
\BOOKMARK [1][-]{section.3.6}{\376\377\000I\000n\000t\000e\000g\000r\000a\000t\000i\000o\000n}{chapter.3}% 88
\BOOKMARK [2][-]{subsection.3.6.1}{\376\377\000D\000a\000r\000b\000o\000u\000x\000\040\000I\000n\000t\000e\000g\000r\000a\000l}{section.3.6}% 89
\BOOKMARK [2][-]{subsection.3.6.2}{\376\377\000R\000i\000e\000m\000a\000n\000n\000\040\000I\000n\000t\000e\000g\000r\000a\000l}{section.3.6}% 90
\BOOKMARK [2][-]{subsection.3.6.3}{\376\377\000P\000r\000o\000p\000e\000r\000t\000i\000e\000s\000\040\000o\000f\000\040\000t\000h\000e\000\040\000R\000i\000e\000m\000a\000n\000n\000\040\000I\000n\000t\000e\000g\000r\000a\000l}{section.3.6}% 91
\BOOKMARK [2][-]{subsection.3.6.4}{\376\377\000F\000u\000n\000d\000a\000m\000e\000n\000t\000a\000l\000\040\000T\000h\000e\000o\000r\000e\000m\000\040\000o\000f\000\040\000C\000a\000l\000c\000u\000l\000u\000s}{section.3.6}% 92
\BOOKMARK [2][-]{subsection.3.6.5}{\376\377\000I\000m\000p\000r\000o\000p\000e\000r\000\040\000I\000n\000t\000e\000g\000r\000a\000l\000s}{section.3.6}% 93
\BOOKMARK [1][-]{section.3.7}{\376\377\000S\000e\000q\000u\000e\000n\000c\000e\000s\000\040\000a\000n\000d\000\040\000S\000e\000r\000i\000e\000s\000\040\000o\000f\000\040\000F\000u\000n\000c\000t\000i\000o\000n\000s}{chapter.3}% 94
\BOOKMARK [2][-]{subsection.3.7.1}{\376\377\000U\000n\000i\000f\000o\000r\000m\000\040\000C\000o\000n\000v\000e\000r\000g\000e\000n\000c\000e}{section.3.7}% 95
\BOOKMARK [2][-]{subsection.3.7.2}{\376\377\000U\000n\000i\000f\000o\000r\000m\000\040\000C\000o\000n\000v\000e\000r\000g\000e\000n\000c\000e\000\040\000a\000n\000d\000\040\000C\000o\000n\000t\000i\000n\000u\000i\000t\000y}{section.3.7}% 96
\BOOKMARK [2][-]{subsection.3.7.3}{\376\377\000U\000n\000i\000f\000o\000r\000m\000\040\000C\000o\000n\000v\000e\000r\000g\000e\000n\000c\000e\000\040\000a\000n\000d\000\040\000I\000n\000t\000e\000g\000r\000a\000b\000i\000l\000i\000t\000y}{section.3.7}% 97
\BOOKMARK [2][-]{subsection.3.7.4}{\376\377\000U\000n\000i\000f\000o\000r\000m\000\040\000C\000o\000n\000v\000e\000r\000g\000e\000n\000c\000e\000\040\000a\000n\000d\000\040\000D\000i\000f\000f\000e\000r\000e\000n\000t\000i\000a\000b\000i\000l\000i\000t\000y}{section.3.7}% 98
\BOOKMARK [2][-]{subsection.3.7.5}{\376\377\000S\000e\000r\000i\000e\000s\000\040\000o\000f\000\040\000F\000u\000n\000c\000t\000i\000o\000n\000s}{section.3.7}% 99
\BOOKMARK [1][-]{section.3.8}{\376\377\000E\000x\000a\000m\000p\000l\000e\000s}{chapter.3}% 100
\BOOKMARK [2][-]{subsection.3.8.1}{\376\377\000I\000n\000t\000e\000g\000r\000a\000b\000l\000e\000\040\000F\000u\000n\000c\000t\000i\000o\000n\000s}{section.3.8}% 101
\BOOKMARK [2][-]{subsection.3.8.2}{\376\377\000U\000n\000i\000f\000o\000r\000m\000\040\000C\000o\000n\000v\000e\000r\000g\000e\000n\000c\000e}{section.3.8}% 102
\BOOKMARK [0][-]{chapter.4}{\376\377\000M\000e\000t\000r\000i\000c\000\040\000S\000p\000a\000c\000e\000s}{part.2}% 103
\BOOKMARK [1][-]{section.4.1}{\376\377\000M\000e\000t\000r\000i\000c\000\040\000S\000p\000a\000c\000e\000s}{chapter.4}% 104
\BOOKMARK [2][-]{subsection.4.1.1}{\376\377\000B\000a\000s\000i\000c\000\040\000D\000e\000f\000i\000n\000i\000t\000i\000o\000n\000s}{section.4.1}% 105
\BOOKMARK [2][-]{subsection.4.1.2}{\376\377\000S\000e\000t\000s\000\040\000i\000n\000\040\000a\000\040\000M\000e\000t\000r\000i\000c\000\040\000S\000p\000a\000c\000e}{section.4.1}% 106
\BOOKMARK [2][-]{subsection.4.1.3}{\376\377\000P\000o\000i\000n\000t\000s\000\040\000i\000n\000\040\000a\000\040\000S\000u\000b\000s\000e\000t}{section.4.1}% 107
\BOOKMARK [2][-]{subsection.4.1.4}{\376\377\000S\000e\000q\000u\000e\000n\000c\000e\000s\000,\000\040\000L\000i\000m\000i\000t\000s\000\040\000a\000n\000d\000\040\000C\000o\000n\000t\000i\000n\000u\000i\000t\000y}{section.4.1}% 108
\BOOKMARK [2][-]{subsection.4.1.5}{\376\377\000E\000q\000u\000i\000v\000a\000l\000e\000n\000t\000\040\000M\000e\000t\000r\000i\000c\000s}{section.4.1}% 109
\BOOKMARK [1][-]{section.4.2}{\376\377\000C\000o\000n\000n\000e\000c\000t\000e\000d\000n\000e\000s\000s}{chapter.4}% 110
\BOOKMARK [2][-]{subsection.4.2.1}{\376\377\000D\000e\000f\000i\000n\000i\000t\000i\000o\000n\000s\000\040\000a\000n\000d\000\040\000P\000r\000o\000p\000e\000r\000t\000i\000e\000s}{section.4.2}% 111
\BOOKMARK [2][-]{subsection.4.2.2}{\376\377\000P\000a\000t\000h\000-\000C\000o\000n\000n\000e\000c\000t\000e\000d\000n\000e\000s\000s}{section.4.2}% 112
\BOOKMARK [2][-]{subsection.4.2.3}{\376\377\000C\000o\000n\000n\000e\000c\000t\000e\000d\000n\000e\000s\000s\000\040\000o\000n\000\040\000R\000n}{section.4.2}% 113
\BOOKMARK [1][-]{section.4.3}{\376\377\000C\000o\000m\000p\000a\000c\000t\000n\000e\000s\000s}{chapter.4}% 114
\BOOKMARK [2][-]{subsection.4.3.1}{\376\377\000C\000o\000m\000p\000a\000c\000t\000n\000e\000s\000s\000\040\000a\000n\000d\000\040\000S\000e\000q\000u\000e\000n\000t\000i\000a\000l\000\040\000C\000o\000m\000p\000a\000c\000t\000n\000e\000s\000s}{section.4.3}% 115
\BOOKMARK [2][-]{subsection.4.3.2}{\376\377\000P\000r\000o\000p\000e\000r\000t\000i\000e\000s\000\040\000o\000f\000\040\000C\000o\000m\000p\000a\000c\000t\000n\000e\000s\000s}{section.4.3}% 116
\BOOKMARK [2][-]{subsection.4.3.3}{\376\377\000C\000o\000m\000p\000a\000c\000t\000n\000e\000s\000s\000\040\000a\000n\000d\000\040\000C\000o\000n\000t\000i\000n\000u\000i\000t\000y}{section.4.3}% 117
\BOOKMARK [2][-]{subsection.4.3.4}{\376\377\000U\000n\000i\000f\000o\000r\000m\000\040\000C\000o\000n\000t\000i\000n\000u\000i\000t\000y}{section.4.3}% 118
\BOOKMARK [1][-]{section.4.4}{\376\377\000C\000o\000m\000p\000l\000e\000t\000e\000n\000e\000s\000s}{chapter.4}% 119
\BOOKMARK [2][-]{subsection.4.4.1}{\376\377\000M\000o\000t\000i\000v\000a\000t\000i\000o\000n\000\040\000a\000n\000d\000\040\000D\000e\000f\000i\000n\000i\000t\000i\000o\000n\000s}{section.4.4}% 120
\BOOKMARK [2][-]{subsection.4.4.2}{\376\377\000P\000r\000o\000p\000e\000r\000t\000i\000e\000s\000\040\000o\000f\000\040\000C\000o\000m\000p\000l\000e\000t\000e\000\040\000S\000p\000a\000c\000e\000s}{section.4.4}% 121
\BOOKMARK [2][-]{subsection.4.4.3}{\376\377\000C\000o\000m\000p\000l\000e\000t\000i\000o\000n}{section.4.4}% 122
\BOOKMARK [2][-]{subsection.4.4.4}{\376\377\000C\000o\000m\000p\000a\000c\000t\000n\000e\000s\000s\000,\000\040\000C\000o\000m\000p\000l\000e\000t\000e\000n\000e\000s\000s\000\040\000a\000n\000d\000\040\000T\000o\000t\000a\000l\000l\000y\000\040\000B\000o\000u\000n\000d\000e\000d}{section.4.4}% 123
\BOOKMARK [2][-]{subsection.4.4.5}{\376\377\000C\000o\000n\000t\000r\000a\000c\000t\000i\000o\000n\000\040\000M\000a\000p\000p\000i\000n\000g\000\040\000a\000n\000d\000\040\000C\000o\000m\000p\000l\000e\000t\000i\000o\000n}{section.4.4}% 124
\BOOKMARK [2][-]{subsection.4.4.6}{\376\377\000C\000a\000n\000t\000o\000r\000'\000s\000\040\000T\000h\000e\000o\000r\000e\000m}{section.4.4}% 125
\BOOKMARK [1][-]{section.4.5}{\376\377\000N\000o\000t\000a\000b\000l\000e\000\040\000M\000e\000t\000r\000i\000c\000\040\000S\000p\000a\000c\000e\000s}{chapter.4}% 126
\BOOKMARK [2][-]{subsection.4.5.1}{\376\377\000R\000n\000\040\000o\000n\000\040\000D\000i\000f\000f\000e\000r\000e\000n\000t\000\040\000M\000e\000t\000r\000i\000c\000s}{section.4.5}% 127
\BOOKMARK [2][-]{subsection.4.5.2}{\376\377\000T\000h\000e\000\040\000S\000p\000a\000c\000e\000\040\000o\000f\000\040\000C\000o\000n\000t\000i\000n\000u\000o\000u\000s\000\040\000F\000u\000n\000c\000t\000i\000o\000n\000s}{section.4.5}% 128
\BOOKMARK [2][-]{subsection.4.5.3}{\376\377\000S\000e\000q\000u\000e\000n\000c\000e\000\040\000S\000p\000a\000c\000e}{section.4.5}% 129
\BOOKMARK [0][-]{chapter.5}{\376\377\000M\000u\000l\000t\000i\000v\000a\000r\000i\000a\000b\000l\000e\000\040\000C\000a\000l\000c\000u\000l\000u\000s}{part.2}% 130
\BOOKMARK [1][-]{section.5.1}{\376\377\000A\000n\000a\000l\000y\000s\000i\000s\000\040\000o\000n\000\040\000R\000n\000\040\000a\000n\000d\000\040\000M\000m\000n\000\050\000R\000\051}{chapter.5}% 131
\BOOKMARK [2][-]{subsection.5.1.1}{\376\377\000S\000e\000q\000u\000e\000n\000c\000e\000s\000\040\000o\000n\000\040\000R\000n}{section.5.1}% 132
\BOOKMARK [2][-]{subsection.5.1.2}{\376\377\000C\000o\000n\000t\000i\000n\000u\000i\000t\000y\000\040\000o\000n\000\040\000R\000n}{section.5.1}% 133
\BOOKMARK [2][-]{subsection.5.1.3}{\376\377\000T\000o\000p\000o\000l\000o\000g\000i\000c\000a\000l\000\040\000P\000r\000o\000p\000e\000r\000t\000i\000e\000s}{section.5.1}% 134
\BOOKMARK [2][-]{subsection.5.1.4}{\376\377\000T\000h\000e\000\040\000S\000p\000a\000c\000e\000\040\000o\000f\000\040\000M\000a\000t\000r\000i\000c\000e\000s}{section.5.1}% 135
\BOOKMARK [1][-]{section.5.2}{\376\377\000D\000i\000f\000f\000e\000r\000e\000n\000t\000i\000a\000t\000i\000o\000n}{chapter.5}% 136
\BOOKMARK [2][-]{subsection.5.2.1}{\376\377\000F\000r\000e\000c\000h\000e\000t\000\040\000D\000e\000r\000i\000v\000a\000t\000i\000v\000e}{section.5.2}% 137
\BOOKMARK [2][-]{subsection.5.2.2}{\376\377\000J\000a\000c\000o\000b\000i\000a\000n\000\040\000M\000a\000t\000r\000i\000x\000\040\000a\000n\000d\000\040\000D\000i\000r\000e\000c\000t\000i\000o\000n\000a\000l\000\040\000D\000e\000r\000i\000v\000a\000t\000i\000v\000e\000s}{section.5.2}% 138
\BOOKMARK [2][-]{subsection.5.2.3}{\376\377\000P\000r\000o\000p\000e\000r\000t\000i\000e\000s\000\040\000o\000f\000\040\000t\000h\000e\000\040\000D\000e\000r\000i\000v\000a\000t\000i\000v\000e}{section.5.2}% 139
\BOOKMARK [2][-]{subsection.5.2.4}{\376\377\000M\000e\000a\000n\000\040\000V\000a\000l\000u\000e\000\040\000I\000n\000e\000q\000u\000a\000l\000i\000t\000y}{section.5.2}% 140
\BOOKMARK [2][-]{subsection.5.2.5}{\376\377\000C\000o\000n\000d\000i\000t\000i\000o\000n\000s\000\040\000f\000o\000r\000\040\000D\000i\000f\000f\000e\000r\000e\000n\000t\000i\000a\000b\000i\000l\000i\000t\000y}{section.5.2}% 141
\BOOKMARK [1][-]{section.5.3}{\376\377\000M\000o\000r\000e\000\040\000P\000r\000o\000p\000e\000r\000t\000i\000e\000s\000\040\000o\000f\000\040\000D\000i\000f\000f\000e\000r\000e\000n\000t\000i\000a\000b\000i\000l\000i\000t\000y}{chapter.5}% 142
\BOOKMARK [2][-]{subsection.5.3.1}{\376\377\000I\000n\000v\000e\000r\000s\000e\000\040\000F\000u\000n\000c\000t\000i\000o\000n\000\040\000T\000h\000e\000o\000r\000e\000m}{section.5.3}% 143
\BOOKMARK [2][-]{subsection.5.3.2}{\376\377\000I\000m\000p\000l\000i\000c\000i\000t\000\040\000F\000u\000n\000c\000t\000i\000o\000n\000\040\000T\000h\000e\000o\000r\000e\000m}{section.5.3}% 144
\BOOKMARK [2][-]{subsection.5.3.3}{\376\377\000H\000i\000g\000h\000e\000r\000\040\000O\000r\000d\000e\000r\000\040\000D\000e\000r\000i\000v\000a\000t\000i\000v\000e\000s}{section.5.3}% 145
\BOOKMARK [2][-]{subsection.5.3.4}{\376\377\000S\000e\000c\000o\000n\000d\000\040\000O\000r\000d\000e\000r\000\040\000D\000e\000r\000i\000v\000a\000t\000i\000v\000e\000\040\000T\000e\000s\000t}{section.5.3}% 146
\BOOKMARK [1][-]{section.5.4}{\376\377\000V\000e\000c\000t\000o\000r\000\040\000C\000a\000l\000c\000u\000l\000u\000s}{chapter.5}% 147
\BOOKMARK [2][-]{subsection.5.4.1}{\376\377\000R\000e\000g\000i\000o\000n\000s}{section.5.4}% 148
\BOOKMARK [2][-]{subsection.5.4.2}{\376\377\000D\000i\000f\000f\000e\000r\000e\000n\000t\000i\000a\000t\000i\000o\000n\000\040\000a\000n\000d\000\040\000I\000n\000t\000e\000g\000r\000a\000t\000i\000o\000n\000\040\000o\000f\000\040\000C\000u\000r\000v\000e\000s}{section.5.4}% 149
\BOOKMARK [2][-]{subsection.5.4.3}{\376\377\000V\000e\000c\000t\000o\000r\000\040\000F\000i\000e\000l\000d\000s}{section.5.4}% 150
\BOOKMARK [1][-]{section.5.5}{\376\377\0002\000\040\000D\000i\000m\000e\000n\000s\000i\000o\000n\000a\000l\000\040\000C\000a\000l\000c\000u\000l\000u\000s}{chapter.5}% 151
\BOOKMARK [2][-]{subsection.5.5.1}{\376\377\000D\000o\000u\000b\000l\000e\000\040\000I\000n\000t\000e\000g\000r\000a\000l\000s}{section.5.5}% 152
\BOOKMARK [2][-]{subsection.5.5.2}{\376\377\000G\000r\000e\000e\000n\000'\000s\000\040\000T\000h\000e\000o\000r\000e\000m\000\040\000f\000o\000r\000\040\000a\000\040\000P\000l\000a\000n\000a\000r\000\040\000R\000e\000g\000i\000o\000n}{section.5.5}% 153
\BOOKMARK [2][-]{subsection.5.5.3}{\376\377\000D\000i\000v\000e\000r\000g\000e\000n\000c\000e\000\040\000T\000h\000e\000o\000r\000e\000m\000\040\000f\000o\000r\000\040\000a\000\040\000P\000l\000a\000n\000a\000r\000\040\000R\000e\000g\000i\000o\000n}{section.5.5}% 154
\BOOKMARK [1][-]{section.5.6}{\376\377\0003\000\040\000D\000i\000m\000e\000n\000s\000i\000o\000n\000a\000l\000\040\000C\000a\000l\000c\000u\000l\000u\000s}{chapter.5}% 155
\BOOKMARK [2][-]{subsection.5.6.1}{\376\377\000T\000r\000i\000p\000l\000e\000\040\000I\000n\000t\000e\000g\000r\000a\000l\000s}{section.5.6}% 156
\BOOKMARK [2][-]{subsection.5.6.2}{\376\377\000S\000u\000r\000f\000a\000c\000e\000\040\000I\000n\000t\000e\000g\000r\000a\000l\000s}{section.5.6}% 157
\BOOKMARK [2][-]{subsection.5.6.3}{\376\377\000D\000i\000v\000e\000r\000g\000e\000n\000c\000e\000\040\000T\000h\000e\000o\000r\000e\000m}{section.5.6}% 158
\BOOKMARK [2][-]{subsection.5.6.4}{\376\377\000S\000t\000o\000k\000e\000'\000s\000\040\000T\000h\000e\000o\000r\000e\000m}{section.5.6}% 159
\BOOKMARK [1][-]{section.5.7}{\376\377\000I\000n\000t\000e\000g\000r\000a\000t\000i\000o\000n}{chapter.5}% 160
\BOOKMARK [2][-]{subsection.5.7.1}{\376\377\000S\000i\000g\000m\000a\000\040\000F\000i\000e\000l\000d\000s}{section.5.7}% 161
\BOOKMARK [2][-]{subsection.5.7.2}{\376\377\000L\000e\000s\000b\000e\000g\000u\000e\000\040\000O\000u\000t\000e\000r\000\040\000M\000e\000a\000s\000u\000r\000e}{section.5.7}% 162
\BOOKMARK [2][-]{subsection.5.7.3}{\376\377\000M\000e\000a\000s\000u\000r\000a\000b\000l\000e\000\040\000F\000u\000n\000c\000t\000i\000o\000n\000s}{section.5.7}% 163
\BOOKMARK [2][-]{subsection.5.7.4}{\376\377\000L\000e\000s\000b\000e\000g\000u\000e\000\040\000I\000n\000t\000e\000g\000r\000a\000t\000i\000o\000n}{section.5.7}% 164
\BOOKMARK [1][-]{section.5.8}{\376\377\000I\000n\000t\000e\000g\000r\000a\000t\000i\000o\000n\000\040\000o\000f\000\040\000D\000i\000f\000f\000e\000r\000e\000n\000t\000i\000a\000l\000\040\000F\000o\000r\000m\000s}{chapter.5}% 165
\BOOKMARK [2][-]{subsection.5.8.1}{\376\377\000B\000a\000s\000i\000c\000\040\000D\000e\000f\000i\000n\000i\000t\000i\000o\000n\000s}{section.5.8}% 166
\BOOKMARK [2][-]{subsection.5.8.2}{\376\377\000T\000e\000n\000s\000o\000r\000\040\000P\000r\000o\000d\000u\000c\000t\000\040\000a\000n\000d\000\040\000W\000e\000d\000g\000e\000\040\000P\000r\000o\000d\000u\000c\000t}{section.5.8}% 167
\BOOKMARK [2][-]{subsection.5.8.3}{\376\377\000T\000a\000n\000g\000e\000n\000t\000\040\000S\000p\000a\000c\000e}{section.5.8}% 168
\BOOKMARK [2][-]{subsection.5.8.4}{\376\377\000D\000i\000f\000f\000e\000r\000e\000n\000t\000i\000a\000l\000\040\0001\000-\000f\000o\000r\000m\000s}{section.5.8}% 169
\BOOKMARK [2][-]{subsection.5.8.5}{\376\377\000D\000i\000f\000f\000e\000r\000e\000n\000t\000i\000a\000l\000\040\000k\000-\000f\000o\000r\000m\000s}{section.5.8}% 170
\BOOKMARK [2][-]{subsection.5.8.6}{\376\377\000E\000x\000t\000e\000r\000i\000o\000r\000\040\000D\000e\000r\000i\000v\000a\000t\000i\000v\000e}{section.5.8}% 171
\BOOKMARK [2][-]{subsection.5.8.7}{\376\377\000I\000n\000t\000e\000g\000r\000a\000t\000i\000o\000n\000\040\000o\000f\000\040\000D\000i\000f\000f\000e\000r\000e\000n\000t\000i\000a\000l\000\040\000F\000o\000r\000m\000s}{section.5.8}% 172
\BOOKMARK [-1][-]{part.3}{\376\377\000I\000I\000I\000\040\000T\000h\000e\000\040\000F\000u\000n\000d\000a\000m\000e\000n\000t\000a\000l\000s\000\040\000o\000f\000\040\000G\000e\000o\000m\000e\000t\000r\000y\000\040\000a\000n\000d\000\040\000T\000o\000p\000o\000l\000o\000g\000y}{}% 173
\BOOKMARK [0][-]{chapter.6}{\376\377\000L\000i\000n\000e\000a\000r\000\040\000A\000l\000g\000e\000b\000r\000a\000\040\0001}{part.3}% 174
\BOOKMARK [1][-]{section.6.1}{\376\377\000V\000e\000c\000t\000o\000r\000\040\000S\000p\000a\000c\000e\000s}{chapter.6}% 175
\BOOKMARK [2][-]{subsection.6.1.1}{\376\377\000I\000n\000t\000r\000o\000d\000u\000c\000t\000i\000o\000n\000\040\000t\000o\000\040\000V\000e\000c\000t\000o\000r\000\040\000S\000p\000a\000c\000e\000s}{section.6.1}% 176
\BOOKMARK [2][-]{subsection.6.1.2}{\376\377\000B\000a\000s\000i\000s\000\040\000a\000n\000d\000\040\000D\000i\000m\000e\000n\000s\000i\000o\000n}{section.6.1}% 177
\BOOKMARK [2][-]{subsection.6.1.3}{\376\377\000V\000e\000c\000t\000o\000r\000\040\000S\000u\000b\000s\000p\000a\000c\000e\000s}{section.6.1}% 178
\BOOKMARK [2][-]{subsection.6.1.4}{\376\377\000R\000o\000w\000\040\000a\000n\000d\000\040\000C\000o\000l\000u\000m\000n\000\040\000R\000a\000n\000k\000s}{section.6.1}% 179
\BOOKMARK [1][-]{section.6.2}{\376\377\000L\000i\000n\000e\000a\000r\000\040\000M\000a\000p\000s}{chapter.6}% 180
\BOOKMARK [2][-]{subsection.6.2.1}{\376\377\000P\000r\000o\000p\000e\000r\000t\000i\000e\000s\000\040\000o\000f\000\040\000L\000i\000n\000e\000a\000r\000\040\000M\000a\000p\000s}{section.6.2}% 181
\BOOKMARK [2][-]{subsection.6.2.2}{\376\377\000I\000s\000o\000m\000o\000r\000p\000h\000i\000s\000m\000s}{section.6.2}% 182
\BOOKMARK [2][-]{subsection.6.2.3}{\376\377\000K\000e\000r\000n\000e\000l\000s\000\040\000a\000n\000d\000\040\000I\000m\000a\000g\000e\000s}{section.6.2}% 183
\BOOKMARK [2][-]{subsection.6.2.4}{\376\377\000R\000o\000l\000e\000\040\000o\000f\000\040\000M\000a\000t\000r\000i\000c\000e\000s}{section.6.2}% 184
\BOOKMARK [1][-]{section.6.3}{\376\377\000E\000i\000g\000e\000n\000s\000p\000a\000c\000e\000s}{chapter.6}% 185
\BOOKMARK [2][-]{subsection.6.3.1}{\376\377\000E\000i\000g\000e\000n\000v\000a\000l\000u\000e\000s\000\040\000a\000n\000d\000\040\000E\000i\000g\000e\000n\000v\000e\000c\000t\000o\000r\000s}{section.6.3}% 186
\BOOKMARK [2][-]{subsection.6.3.2}{\376\377\000C\000h\000a\000n\000g\000e\000\040\000o\000f\000\040\000B\000a\000s\000i\000s}{section.6.3}% 187
\BOOKMARK [2][-]{subsection.6.3.3}{\376\377\000D\000i\000a\000g\000o\000n\000a\000l\000i\000z\000a\000t\000i\000o\000n}{section.6.3}% 188
\BOOKMARK [1][-]{section.6.4}{\376\377\000T\000h\000e\000\040\000J\000o\000r\000d\000a\000n\000\040\000C\000a\000n\000o\000n\000i\000c\000a\000l\000\040\000F\000o\000r\000m}{chapter.6}% 189
\BOOKMARK [2][-]{subsection.6.4.1}{\376\377\000T\000h\000e\000\040\000M\000i\000n\000i\000m\000a\000l\000\040\000P\000o\000l\000y\000n\000o\000m\000i\000a\000l}{section.6.4}% 190
\BOOKMARK [2][-]{subsection.6.4.2}{\376\377\000C\000a\000y\000l\000e\000y\000-\000H\000a\000m\000i\000l\000t\000o\000n\000\040\000T\000h\000e\000o\000r\000e\000m}{section.6.4}% 191
\BOOKMARK [2][-]{subsection.6.4.3}{\376\377\000G\000e\000n\000e\000r\000a\000l\000i\000z\000e\000d\000\040\000E\000i\000g\000e\000n\000s\000p\000a\000c\000e}{section.6.4}% 192
\BOOKMARK [2][-]{subsection.6.4.4}{\376\377\000J\000o\000r\000d\000a\000n\000\040\000C\000a\000n\000o\000n\000i\000c\000a\000l\000\040\000F\000o\000r\000m}{section.6.4}% 193
\BOOKMARK [2][-]{subsection.6.4.5}{\376\377\000R\000e\000s\000u\000l\000t\000s\000\040\000o\000f\000\040\000t\000h\000e\000\040\000J\000o\000r\000d\000a\000n\000\040\000N\000o\000r\000m\000a\000l\000\040\000T\000h\000e\000o\000r\000e\000m}{section.6.4}% 194
\BOOKMARK [2][-]{subsection.6.4.6}{\376\377\000F\000u\000n\000c\000t\000i\000o\000n\000s\000\040\000o\000f\000\040\000M\000a\000t\000r\000i\000c\000e\000s}{section.6.4}% 195
\BOOKMARK [0][-]{chapter.7}{\376\377\000L\000i\000n\000e\000a\000r\000\040\000A\000l\000g\000e\000b\000r\000a\000\040\0002}{part.3}% 196
\BOOKMARK [1][-]{section.7.1}{\376\377\000L\000i\000n\000e\000a\000r\000\040\000F\000o\000r\000m\000s\000\040\000a\000n\000d\000\040\000Q\000u\000a\000d\000r\000a\000t\000i\000c\000\040\000F\000o\000r\000m\000s}{chapter.7}% 197
\BOOKMARK [2][-]{subsection.7.1.1}{\376\377\000L\000i\000n\000e\000a\000r\000\040\000F\000o\000r\000m\000s}{section.7.1}% 198
\BOOKMARK [2][-]{subsection.7.1.2}{\376\377\000Q\000u\000a\000d\000r\000a\000t\000i\000c\000\040\000F\000o\000r\000m\000s}{section.7.1}% 199
\BOOKMARK [2][-]{subsection.7.1.3}{\376\377\000B\000i\000l\000i\000n\000e\000a\000r\000\040\000F\000o\000r\000m\000s}{section.7.1}% 200
\BOOKMARK [2][-]{subsection.7.1.4}{\376\377\000S\000e\000s\000q\000u\000i\000l\000i\000n\000e\000a\000r\000\040\000F\000o\000r\000m\000s}{section.7.1}% 201
\BOOKMARK [1][-]{section.7.2}{\376\377\000I\000n\000n\000e\000r\000\040\000P\000r\000o\000d\000u\000c\000t\000\040\000S\000p\000a\000c\000e\000s}{chapter.7}% 202
\BOOKMARK [2][-]{subsection.7.2.1}{\376\377\000N\000o\000r\000m\000s}{section.7.2}% 203
\BOOKMARK [2][-]{subsection.7.2.2}{\376\377\000I\000n\000n\000e\000r\000\040\000P\000r\000o\000d\000u\000c\000t\000s}{section.7.2}% 204
\BOOKMARK [1][-]{section.7.3}{\376\377\000O\000r\000t\000h\000o\000g\000o\000n\000a\000l\000i\000t\000y}{chapter.7}% 205
\BOOKMARK [2][-]{subsection.7.3.1}{\376\377\000O\000r\000t\000h\000o\000g\000o\000n\000a\000l\000\040\000V\000e\000c\000t\000o\000r\000s}{section.7.3}% 206
\BOOKMARK [2][-]{subsection.7.3.2}{\376\377\000O\000r\000t\000h\000o\000n\000o\000r\000m\000a\000l\000\040\000B\000a\000s\000i\000s}{section.7.3}% 207
\BOOKMARK [2][-]{subsection.7.3.3}{\376\377\000O\000r\000t\000h\000o\000g\000o\000n\000a\000l\000\040\000C\000o\000m\000p\000l\000e\000m\000e\000n\000t\000s}{section.7.3}% 208
\BOOKMARK [2][-]{subsection.7.3.4}{\376\377\000O\000r\000t\000h\000o\000g\000o\000n\000a\000l\000\040\000M\000a\000p\000s}{section.7.3}% 209
\BOOKMARK [1][-]{section.7.4}{\376\377\000O\000r\000t\000h\000g\000o\000n\000a\000l\000i\000t\000y\000\040\000i\000n\000\040\000R\000n}{chapter.7}% 210
\BOOKMARK [2][-]{subsection.7.4.1}{\376\377\000R\000e\000d\000u\000c\000t\000i\000o\000n\000\040\000o\000f\000\040\000Q\000u\000a\000d\000r\000a\000t\000i\000c\000\040\000F\000o\000r\000m\000s\000\040\000o\000v\000e\000r\000\040\000R}{section.7.4}% 211
\BOOKMARK [2][-]{subsection.7.4.2}{\376\377\000R\000e\000d\000u\000c\000t\000i\000o\000n\000\040\000o\000f\000\040\000I\000n\000n\000e\000r\000\040\000P\000r\000o\000d\000u\000c\000t\000s}{section.7.4}% 212
\BOOKMARK [2][-]{subsection.7.4.3}{\376\377\000A\000d\000j\000o\000i\000n\000t\000s}{section.7.4}% 213
\BOOKMARK [2][-]{subsection.7.4.4}{\376\377\000S\000i\000n\000g\000u\000l\000a\000r\000\040\000V\000a\000l\000u\000e\000\040\000D\000e\000c\000o\000m\000p\000o\000s\000i\000t\000i\000o\000n}{section.7.4}% 214
\BOOKMARK [1][-]{section.7.5}{\376\377\000M\000u\000l\000t\000i\000l\000i\000n\000e\000a\000r\000\040\000A\000l\000g\000e\000b\000r\000a}{chapter.7}% 215
\BOOKMARK [2][-]{subsection.7.5.1}{\376\377\000T\000e\000n\000s\000o\000r\000\040\000P\000r\000o\000d\000u\000c\000t\000s}{section.7.5}% 216
\BOOKMARK [2][-]{subsection.7.5.2}{\376\377\000T\000e\000n\000s\000o\000r\000\040\000A\000l\000g\000e\000b\000r\000a}{section.7.5}% 217
\BOOKMARK [2][-]{subsection.7.5.3}{\376\377\000E\000x\000t\000e\000r\000i\000o\000r\000\040\000A\000l\000g\000e\000b\000r\000a}{section.7.5}% 218
\BOOKMARK [2][-]{subsection.7.5.4}{\376\377\000S\000y\000m\000m\000e\000t\000r\000i\000c\000\040\000A\000l\000g\000e\000b\000r\000a}{section.7.5}% 219
\BOOKMARK [0][-]{chapter.8}{\376\377\000P\000o\000i\000n\000t\000\040\000S\000e\000t\000\040\000T\000o\000p\000o\000l\000o\000g\000y}{part.3}% 220
\BOOKMARK [1][-]{section.8.1}{\376\377\000T\000o\000p\000o\000l\000o\000g\000i\000c\000a\000l\000\040\000S\000p\000a\000c\000e\000s}{chapter.8}% 221
\BOOKMARK [2][-]{subsection.8.1.1}{\376\377\000B\000a\000s\000i\000c\000\040\000D\000e\000f\000i\000n\000i\000t\000i\000o\000n\000s}{section.8.1}% 222
\BOOKMARK [2][-]{subsection.8.1.2}{\376\377\000C\000l\000o\000s\000u\000r\000e\000,\000\040\000I\000n\000t\000e\000r\000i\000o\000r\000\040\000a\000n\000d\000\040\000B\000o\000u\000n\000d\000a\000r\000y}{section.8.1}% 223
\BOOKMARK [2][-]{subsection.8.1.3}{\376\377\000C\000o\000n\000t\000i\000n\000u\000i\000t\000y\000\040\000a\000n\000d\000\040\000H\000o\000m\000e\000o\000m\000o\000r\000p\000h\000i\000s\000m}{section.8.1}% 224
\BOOKMARK [1][-]{section.8.2}{\376\377\000N\000e\000w\000\040\000T\000o\000p\000o\000l\000o\000g\000i\000e\000s\000\040\000f\000r\000o\000m\000\040\000O\000l\000d}{chapter.8}% 225
\BOOKMARK [2][-]{subsection.8.2.1}{\376\377\000S\000u\000b\000s\000p\000a\000c\000e\000\040\000T\000o\000p\000o\000l\000o\000g\000i\000e\000s}{section.8.2}% 226
\BOOKMARK [2][-]{subsection.8.2.2}{\376\377\000P\000r\000o\000d\000u\000c\000t\000\040\000T\000o\000p\000o\000l\000o\000g\000y}{section.8.2}% 227
\BOOKMARK [2][-]{subsection.8.2.3}{\376\377\000Q\000u\000o\000t\000i\000e\000n\000t\000\040\000T\000o\000p\000o\000l\000o\000g\000y}{section.8.2}% 228
\BOOKMARK [1][-]{section.8.3}{\376\377\000S\000e\000p\000a\000r\000a\000t\000i\000o\000n\000\040\000A\000x\000i\000o\000m\000s}{chapter.8}% 229
\BOOKMARK [2][-]{subsection.8.3.1}{\376\377\000C\000o\000n\000v\000e\000r\000g\000e\000n\000c\000e\000\040\000a\000n\000d\000\040\000T\0000\000,\000\040\000T\0001\000,\000\040\000T\0002\000\040\000S\000p\000a\000c\000e\000s}{section.8.3}% 230
\BOOKMARK [2][-]{subsection.8.3.2}{\376\377\000F\000i\000r\000s\000t\000\040\000C\000o\000u\000n\000t\000a\000b\000i\000l\000i\000t\000y\000\040\000a\000n\000d\000\040\000H\000a\000u\000s\000d\000o\000r\000f\000f}{section.8.3}% 231
\BOOKMARK [2][-]{subsection.8.3.3}{\376\377\000T\0003\000\040\000S\000p\000a\000c\000e\000s\000\040\000a\000n\000d\000\040\000R\000e\000g\000u\000l\000a\000r\000i\000t\000y}{section.8.3}% 232
\BOOKMARK [2][-]{subsection.8.3.4}{\376\377\000T\0004\000\040\000S\000p\000a\000c\000e\000s\000\040\000a\000n\000d\000\040\000N\000o\000r\000m\000a\000l\000i\000t\000y}{section.8.3}% 233
\BOOKMARK [1][-]{section.8.4}{\376\377\000M\000e\000t\000r\000i\000c\000\040\000S\000p\000a\000c\000e\000s}{chapter.8}% 234
\BOOKMARK [2][-]{subsection.8.4.1}{\376\377\000B\000a\000s\000i\000c\000\040\000D\000e\000f\000i\000n\000i\000t\000i\000o\000n\000s}{section.8.4}% 235
\BOOKMARK [2][-]{subsection.8.4.2}{\376\377\000N\000e\000w\000\040\000M\000e\000t\000r\000i\000c\000\040\000S\000p\000a\000c\000e\000s\000\040\000f\000r\000o\000m\000\040\000O\000l\000d}{section.8.4}% 236
\BOOKMARK [2][-]{subsection.8.4.3}{\376\377\000C\000o\000n\000t\000i\000n\000u\000i\000t\000y\000\040\000i\000n\000\040\000M\000e\000t\000r\000i\000c\000\040\000S\000p\000a\000c\000e\000s}{section.8.4}% 237
\BOOKMARK [2][-]{subsection.8.4.4}{\376\377\000E\000q\000u\000i\000v\000a\000l\000e\000n\000t\000\040\000M\000e\000t\000r\000i\000c\000s}{section.8.4}% 238
\BOOKMARK [2][-]{subsection.8.4.5}{\376\377\000M\000e\000t\000r\000i\000z\000a\000b\000i\000l\000i\000t\000y}{section.8.4}% 239
\BOOKMARK [1][-]{section.8.5}{\376\377\000C\000o\000m\000p\000a\000c\000t\000n\000e\000s\000s}{chapter.8}% 240
\BOOKMARK [2][-]{subsection.8.5.1}{\376\377\000B\000a\000s\000i\000c\000\040\000D\000e\000f\000i\000n\000i\000t\000i\000o\000n\000s}{section.8.5}% 241
\BOOKMARK [2][-]{subsection.8.5.2}{\376\377\000C\000o\000m\000p\000a\000c\000t\000n\000e\000s\000s\000\040\000a\000n\000d\000\040\000C\000l\000o\000s\000e\000d\000\040\000a\000n\000d\000\040\000C\000o\000n\000t\000i\000n\000u\000o\000u\000s}{section.8.5}% 242
\BOOKMARK [2][-]{subsection.8.5.3}{\376\377\000P\000r\000o\000d\000u\000c\000t\000i\000v\000i\000t\000y\000\040\000o\000f\000\040\000C\000o\000m\000p\000a\000c\000t\000n\000e\000s\000s}{section.8.5}% 243
\BOOKMARK [2][-]{subsection.8.5.4}{\376\377\000C\000o\000m\000p\000a\000c\000t\000n\000e\000s\000s\000\040\000i\000n\000\040\000M\000e\000t\000r\000i\000c\000\040\000S\000p\000a\000c\000e\000s}{section.8.5}% 244
\BOOKMARK [2][-]{subsection.8.5.5}{\376\377\000C\000o\000m\000p\000a\000c\000t\000n\000e\000s\000s\000\040\000i\000n\000\040\000R\000n}{section.8.5}% 245
\BOOKMARK [1][-]{section.8.6}{\376\377\000C\000o\000n\000n\000e\000c\000t\000e\000d\000n\000e\000s\000s}{chapter.8}% 246
\BOOKMARK [2][-]{subsection.8.6.1}{\376\377\000B\000a\000s\000i\000c\000\040\000D\000e\000f\000i\000n\000i\000t\000i\000o\000n\000s}{section.8.6}% 247
\BOOKMARK [2][-]{subsection.8.6.2}{\376\377\000P\000r\000o\000p\000e\000r\000t\000i\000e\000s\000\040\000o\000f\000\040\000C\000o\000n\000n\000e\000c\000t\000e\000d\000n\000e\000s\000s}{section.8.6}% 248
\BOOKMARK [2][-]{subsection.8.6.3}{\376\377\000T\000r\000a\000n\000s\000f\000e\000r\000a\000l\000\040\000o\000f\000\040\000C\000o\000n\000n\000e\000c\000t\000e\000d\000n\000e\000s\000s}{section.8.6}% 249
\BOOKMARK [2][-]{subsection.8.6.4}{\376\377\000P\000a\000t\000h\000\040\000C\000o\000n\000n\000e\000c\000t\000e\000d\000n\000e\000s\000s}{section.8.6}% 250
\BOOKMARK [2][-]{subsection.8.6.5}{\376\377\000C\000o\000n\000n\000e\000c\000t\000e\000d\000n\000e\000s\000s\000\040\000o\000n\000\040\000R\000n}{section.8.6}% 251
\BOOKMARK [1][-]{section.8.7}{\376\377\000C\000o\000m\000p\000l\000e\000t\000e\000n\000e\000s\000s}{chapter.8}% 252
\BOOKMARK [2][-]{subsection.8.7.1}{\376\377\000M\000o\000t\000i\000v\000a\000t\000i\000o\000n\000\040\000a\000n\000d\000\040\000D\000e\000f\000i\000n\000i\000t\000i\000o\000n\000s}{section.8.7}% 253
\BOOKMARK [2][-]{subsection.8.7.2}{\376\377\000P\000r\000o\000p\000e\000r\000t\000i\000e\000s\000\040\000o\000f\000\040\000C\000o\000m\000p\000l\000e\000t\000e\000\040\000S\000p\000a\000c\000e\000s}{section.8.7}% 254
\BOOKMARK [2][-]{subsection.8.7.3}{\376\377\000C\000o\000m\000p\000l\000e\000t\000i\000o\000n}{section.8.7}% 255
\BOOKMARK [2][-]{subsection.8.7.4}{\376\377\000C\000o\000m\000p\000a\000c\000t\000n\000e\000s\000s\000,\000\040\000C\000o\000m\000p\000l\000e\000t\000e\000n\000e\000s\000s\000\040\000a\000n\000d\000\040\000T\000o\000t\000a\000l\000l\000y\000\040\000B\000o\000u\000n\000d\000e\000d}{section.8.7}% 256
\BOOKMARK [2][-]{subsection.8.7.5}{\376\377\000C\000o\000n\000t\000r\000a\000c\000t\000i\000o\000n\000\040\000M\000a\000p\000p\000i\000n\000g\000\040\000a\000n\000d\000\040\000C\000o\000m\000p\000l\000e\000t\000i\000o\000n}{section.8.7}% 257
\BOOKMARK [2][-]{subsection.8.7.6}{\376\377\000C\000a\000n\000t\000o\000r\000'\000s\000\040\000T\000h\000e\000o\000r\000e\000m}{section.8.7}% 258
\BOOKMARK [1][-]{section.8.8}{\376\377\000N\000o\000t\000a\000b\000l\000e\000\040\000T\000o\000p\000o\000l\000o\000g\000i\000e\000s}{chapter.8}% 259
\BOOKMARK [2][-]{subsection.8.8.1}{\376\377\000R\000\040\000a\000n\000d\000\040\000C\000\040\000w\000i\000t\000h\000\040\000t\000h\000e\000\040\000S\000t\000a\000n\000d\000a\000r\000d\000\040\000T\000o\000p\000o\000l\000o\000g\000y}{section.8.8}% 260
\BOOKMARK [2][-]{subsection.8.8.2}{\376\377\000D\000i\000s\000c\000r\000e\000t\000e\000\040\000a\000n\000d\000\040\000I\000n\000d\000i\000s\000c\000r\000e\000t\000e\000\040\000T\000o\000p\000o\000l\000o\000g\000y}{section.8.8}% 261
\BOOKMARK [2][-]{subsection.8.8.3}{\376\377\000C\000o\000f\000i\000n\000i\000t\000e\000\040\000T\000o\000p\000o\000l\000o\000g\000y}{section.8.8}% 262
\BOOKMARK [2][-]{subsection.8.8.4}{\376\377\000T\000h\000e\000\040\000S\000p\000a\000c\000e\000\040\000o\000f\000\040\000B\000o\000u\000n\000d\000e\000d\000\040\000F\000u\000n\000c\000t\000i\000o\000n\000s}{section.8.8}% 263
\BOOKMARK [1][-]{section.8.9}{\376\377\000N\000o\000t\000a\000b\000l\000e\000\040\000M\000e\000t\000r\000i\000c\000\040\000S\000p\000a\000c\000e\000s}{chapter.8}% 264
\BOOKMARK [2][-]{subsection.8.9.1}{\376\377\000R\000n\000\040\000o\000n\000\040\000D\000i\000f\000f\000e\000r\000e\000n\000t\000\040\000M\000e\000t\000r\000i\000c\000s}{section.8.9}% 265
\BOOKMARK [2][-]{subsection.8.9.2}{\376\377\000T\000h\000e\000\040\000S\000p\000a\000c\000e\000\040\000o\000f\000\040\000C\000o\000n\000t\000i\000n\000u\000o\000u\000s\000\040\000F\000u\000n\000c\000t\000i\000o\000n\000s}{section.8.9}% 266
\BOOKMARK [2][-]{subsection.8.9.3}{\376\377\000S\000e\000q\000u\000e\000n\000c\000e\000\040\000S\000p\000a\000c\000e}{section.8.9}% 267
\BOOKMARK [0][-]{chapter.9}{\376\377\000G\000e\000o\000m\000e\000t\000r\000y}{part.3}% 268
\BOOKMARK [1][-]{section.9.1}{\376\377\000E\000u\000c\000l\000i\000d\000e\000a\000n\000\040\000G\000e\000o\000m\000e\000t\000r\000y}{chapter.9}% 269
\BOOKMARK [2][-]{subsection.9.1.1}{\376\377\000E\000u\000c\000l\000i\000d\000e\000a\000n\000\040\000S\000p\000a\000c\000e}{section.9.1}% 270
\BOOKMARK [2][-]{subsection.9.1.2}{\376\377\000L\000i\000n\000e\000s\000\040\000a\000n\000d\000\040\000C\000o\000l\000l\000i\000n\000e\000a\000r\000i\000t\000y}{section.9.1}% 271
\BOOKMARK [2][-]{subsection.9.1.3}{\376\377\000A\000f\000f\000i\000n\000e\000\040\000M\000a\000p\000s}{section.9.1}% 272
\BOOKMARK [2][-]{subsection.9.1.4}{\376\377\000N\000o\000r\000m\000a\000l\000\040\000F\000o\000r\000m\000\040\000T\000h\000e\000o\000r\000e\000m}{section.9.1}% 273
\BOOKMARK [2][-]{subsection.9.1.5}{\376\377\000R\000e\000l\000a\000t\000i\000o\000n\000\040\000t\000o\000\040\000G\000r\000o\000u\000p\000s}{section.9.1}% 274
\BOOKMARK [2][-]{subsection.9.1.6}{\376\377\000I\000s\000o\000m\000e\000t\000r\000y\000\040\000D\000e\000c\000o\000m\000p\000o\000s\000i\000t\000i\000o\000n}{section.9.1}% 275
\BOOKMARK [1][-]{section.9.2}{\376\377\000S\000p\000h\000e\000r\000i\000c\000a\000l\000\040\000G\000e\000o\000m\000e\000t\000r\000y}{chapter.9}% 276
\BOOKMARK [2][-]{subsection.9.2.1}{\376\377\000T\000h\000e\000\040\000n\000-\000S\000p\000h\000e\000r\000e}{section.9.2}% 277
\BOOKMARK [2][-]{subsection.9.2.2}{\376\377\000S\000p\000h\000e\000r\000i\000c\000a\000l\000\040\000M\000e\000t\000r\000i\000c}{section.9.2}% 278
\BOOKMARK [2][-]{subsection.9.2.3}{\376\377\000I\000s\000o\000m\000e\000t\000r\000i\000e\000s\000\040\000i\000n\000\040\000S\000n}{section.9.2}% 279
\BOOKMARK [2][-]{subsection.9.2.4}{\376\377\000G\000e\000o\000m\000e\000t\000r\000y\000\040\000o\000f\000\040\000t\000h\000e\000\040\0002\000-\000S\000p\000h\000e\000r\000e}{section.9.2}% 280
\BOOKMARK [1][-]{section.9.3}{\376\377\000H\000y\000p\000e\000r\000b\000o\000l\000i\000c\000\040\000G\000e\000o\000m\000e\000t\000r\000y}{chapter.9}% 281
\BOOKMARK [2][-]{subsection.9.3.1}{\376\377\000L\000o\000r\000e\000n\000t\000z\000\040\000P\000r\000o\000d\000u\000c\000t\000s}{section.9.3}% 282
\BOOKMARK [2][-]{subsection.9.3.2}{\376\377\000L\000o\000r\000e\000n\000t\000z\000\040\000T\000r\000a\000n\000s\000f\000o\000r\000m\000a\000t\000i\000o\000n\000s\000\040\000a\000n\000d\000\040\000O\000\050\0001\000,\000n\000\051}{section.9.3}% 283
\BOOKMARK [2][-]{subsection.9.3.3}{\376\377\000P\000o\000s\000i\000t\000i\000v\000e\000\040\000L\000o\000r\000e\000n\000t\000z\000\040\000T\000r\000a\000n\000s\000f\000o\000r\000m\000a\000t\000i\000o\000n\000s}{section.9.3}% 284
\BOOKMARK [2][-]{subsection.9.3.4}{\376\377\000H\000y\000p\000e\000r\000b\000o\000l\000i\000c\000\040\000S\000p\000a\000c\000e}{section.9.3}% 285
\BOOKMARK [2][-]{subsection.9.3.5}{\376\377\000H\000y\000p\000e\000r\000b\000o\000l\000i\000c\000\040\000L\000i\000n\000e\000s}{section.9.3}% 286
\BOOKMARK [2][-]{subsection.9.3.6}{\376\377\000H\000y\000p\000e\000r\000b\000o\000l\000i\000c\000\040\000T\000r\000i\000a\000n\000g\000l\000e\000s\000\040\000a\000n\000d\000\040\000A\000n\000g\000l\000e\000s}{section.9.3}% 287
\BOOKMARK [2][-]{subsection.9.3.7}{\376\377\000N\000o\000r\000m\000a\000l\000\040\000F\000o\000r\000m\000\040\000T\000h\000e\000o\000r\000e\000m}{section.9.3}% 288
\BOOKMARK [1][-]{section.9.4}{\376\377\000P\000r\000o\000j\000e\000c\000t\000i\000v\000e\000\040\000G\000e\000o\000m\000e\000t\000r\000y}{chapter.9}% 289
\BOOKMARK [2][-]{subsection.9.4.1}{\376\377\000P\000r\000o\000j\000e\000c\000t\000i\000v\000e\000\040\000S\000p\000a\000c\000e}{section.9.4}% 290
\BOOKMARK [2][-]{subsection.9.4.2}{\376\377\000P\000r\000o\000j\000e\000c\000t\000i\000v\000e\000\040\000L\000i\000n\000e\000a\000r\000\040\000S\000u\000b\000s\000p\000a\000c\000e\000s}{section.9.4}% 291
\BOOKMARK [2][-]{subsection.9.4.3}{\376\377\000P\000r\000o\000j\000e\000c\000t\000i\000v\000e\000\040\000T\000r\000a\000n\000s\000f\000o\000r\000m\000a\000t\000i\000o\000n\000s}{section.9.4}% 292
\BOOKMARK [2][-]{subsection.9.4.4}{\376\377\000P\000e\000r\000s\000p\000e\000c\000t\000i\000v\000i\000t\000i\000e\000s}{section.9.4}% 293
\BOOKMARK [2][-]{subsection.9.4.5}{\376\377\000I\000m\000p\000o\000r\000t\000a\000n\000t\000\040\000T\000h\000e\000o\000r\000e\000m\000s}{section.9.4}% 294
\BOOKMARK [2][-]{subsection.9.4.6}{\376\377\000A\000x\000i\000o\000m\000a\000t\000i\000c\000\040\000P\000r\000o\000j\000e\000c\000t\000i\000v\000e\000\040\000G\000e\000o\000m\000e\000t\000r\000y}{section.9.4}% 295
\BOOKMARK [-1][-]{part.4}{\376\377\000I\000V\000\040\000T\000h\000e\000\040\000F\000u\000n\000d\000a\000m\000e\000n\000t\000a\000l\000s\000\040\000o\000f\000\040\000A\000l\000g\000e\000b\000r\000a}{}% 296
\BOOKMARK [0][-]{chapter.10}{\376\377\000G\000r\000o\000u\000p\000s\000\040\000a\000n\000d\000\040\000R\000i\000n\000g\000s}{part.4}% 297
\BOOKMARK [1][-]{section.10.1}{\376\377\000I\000n\000t\000r\000o\000d\000u\000c\000t\000i\000o\000n\000\040\000t\000o\000\040\000G\000r\000o\000u\000p\000s}{chapter.10}% 298
\BOOKMARK [2][-]{subsection.10.1.1}{\376\377\000B\000a\000s\000i\000c\000\040\000C\000o\000n\000c\000e\000p\000t\000s\000\040\000o\000f\000\040\000G\000r\000o\000u\000p\000s}{section.10.1}% 299
\BOOKMARK [2][-]{subsection.10.1.2}{\376\377\000S\000u\000b\000g\000r\000o\000u\000p\000s}{section.10.1}% 300
\BOOKMARK [2][-]{subsection.10.1.3}{\376\377\000C\000y\000c\000l\000i\000c\000\040\000g\000r\000o\000u\000p\000s}{section.10.1}% 301
\BOOKMARK [2][-]{subsection.10.1.4}{\376\377\000H\000o\000m\000o\000m\000o\000r\000p\000h\000i\000s\000m\000s\000\040\000a\000n\000d\000\040\000I\000s\000o\000m\000o\000r\000p\000h\000i\000s\000m\000s}{section.10.1}% 302
\BOOKMARK [1][-]{section.10.2}{\376\377\000Q\000u\000o\000t\000i\000e\000n\000t\000\040\000G\000r\000o\000u\000p\000s}{chapter.10}% 303
\BOOKMARK [2][-]{subsection.10.2.1}{\376\377\000C\000o\000s\000e\000t\000s}{section.10.2}% 304
\BOOKMARK [2][-]{subsection.10.2.2}{\376\377\000L\000a\000g\000r\000a\000n\000g\000e\000'\000s\000\040\000T\000h\000e\000o\000r\000e\000m}{section.10.2}% 305
\BOOKMARK [2][-]{subsection.10.2.3}{\376\377\000N\000o\000r\000m\000a\000l\000\040\000S\000u\000b\000g\000r\000o\000u\000p\000s}{section.10.2}% 306
\BOOKMARK [2][-]{subsection.10.2.4}{\376\377\000N\000o\000r\000m\000a\000l\000i\000z\000e\000r\000s}{section.10.2}% 307
\BOOKMARK [2][-]{subsection.10.2.5}{\376\377\000M\000o\000r\000e\000\040\000I\000s\000o\000m\000o\000r\000p\000h\000i\000s\000m\000\040\000T\000h\000e\000o\000r\000e\000m\000s}{section.10.2}% 308
\BOOKMARK [1][-]{section.10.3}{\376\377\000G\000r\000o\000u\000p\000\040\000A\000c\000t\000i\000o\000n\000s}{chapter.10}% 309
\BOOKMARK [2][-]{subsection.10.3.1}{\376\377\000G\000r\000o\000u\000p\000\040\000A\000c\000t\000i\000o\000n\000s}{section.10.3}% 310
\BOOKMARK [2][-]{subsection.10.3.2}{\376\377\000O\000r\000b\000i\000t\000s\000\040\000a\000n\000d\000\040\000S\000t\000a\000b\000i\000l\000i\000z\000e\000r\000s}{section.10.3}% 311
\BOOKMARK [2][-]{subsection.10.3.3}{\376\377\000T\000h\000e\000\040\000A\000c\000t\000i\000o\000n\000\040\000o\000f\000\040\000C\000o\000n\000j\000u\000g\000a\000t\000i\000o\000n}{section.10.3}% 312
\BOOKMARK [2][-]{subsection.10.3.4}{\376\377\000F\000i\000x\000e\000d\000\040\000P\000o\000i\000n\000t\000s}{section.10.3}% 313
\BOOKMARK [1][-]{section.10.4}{\376\377\000P\000r\000o\000d\000u\000c\000t\000s\000\040\000o\000f\000\040\000G\000r\000o\000u\000p\000s}{chapter.10}% 314
\BOOKMARK [2][-]{subsection.10.4.1}{\376\377\000E\000x\000t\000e\000r\000n\000a\000l\000\040\000D\000i\000r\000e\000c\000t\000\040\000P\000r\000o\000d\000u\000c\000t\000s}{section.10.4}% 315
\BOOKMARK [2][-]{subsection.10.4.2}{\376\377\000I\000n\000t\000e\000r\000n\000a\000l\000\040\000D\000i\000r\000e\000c\000t\000\040\000P\000r\000o\000d\000u\000c\000t\000s}{section.10.4}% 316
\BOOKMARK [2][-]{subsection.10.4.3}{\376\377\000S\000e\000m\000i\000d\000i\000r\000e\000c\000t\000\040\000P\000r\000o\000d\000u\000c\000t}{section.10.4}% 317
\BOOKMARK [1][-]{section.10.5}{\376\377\000I\000m\000p\000o\000r\000t\000a\000n\000t\000\040\000G\000r\000o\000u\000p\000s\000\040\000t\000o\000\040\000N\000o\000t\000e}{chapter.10}% 318
\BOOKMARK [2][-]{subsection.10.5.1}{\376\377\000T\000h\000e\000\040\000C\000y\000c\000l\000i\000c\000\040\000G\000r\000o\000u\000p\000\040\000C\000n}{section.10.5}% 319
\BOOKMARK [2][-]{subsection.10.5.2}{\376\377\000T\000h\000e\000\040\000D\000i\000h\000e\000d\000r\000a\000l\000\040\000G\000r\000o\000u\000p\000\040\000D\0002\000n}{section.10.5}% 320
\BOOKMARK [2][-]{subsection.10.5.3}{\376\377\000T\000h\000e\000\040\000K\000l\000e\000i\000n\000\040\000F\000o\000u\000r\000\040\000G\000r\000o\000u\000p\000\040\000K\0004\000\040\000a\000n\000d\000\040\000Q\000u\000a\000t\000e\000r\000n\000i\000o\000n\000\040\000G\000r\000o\000u\000p\000\040\000Q\0008}{section.10.5}% 321
\BOOKMARK [2][-]{subsection.10.5.4}{\376\377\000T\000h\000e\000\040\000P\000e\000r\000m\000u\000t\000a\000t\000i\000o\000n\000\040\000G\000r\000o\000u\000p\000\040\000S\000n}{section.10.5}% 322
\BOOKMARK [1][-]{section.10.6}{\376\377\000I\000n\000t\000r\000o\000d\000u\000c\000t\000i\000o\000n\000\040\000t\000o\000\040\000R\000i\000n\000g\000s}{chapter.10}% 323
\BOOKMARK [2][-]{subsection.10.6.1}{\376\377\000B\000a\000s\000i\000c\000\040\000C\000o\000n\000c\000e\000p\000t\000\040\000o\000f\000\040\000R\000i\000n\000g\000s}{section.10.6}% 324
\BOOKMARK [2][-]{subsection.10.6.2}{\376\377\000D\000i\000v\000i\000s\000i\000o\000n\000\040\000R\000i\000n\000g\000s}{section.10.6}% 325
\BOOKMARK [2][-]{subsection.10.6.3}{\376\377\000I\000n\000t\000e\000g\000r\000a\000l\000\040\000D\000o\000m\000a\000i\000n\000s}{section.10.6}% 326
\BOOKMARK [2][-]{subsection.10.6.4}{\376\377\000R\000i\000n\000g\000\040\000H\000o\000m\000o\000m\000o\000r\000p\000h\000i\000s\000m\000s\000\040\000a\000n\000d\000\040\000I\000d\000e\000a\000l\000s}{section.10.6}% 327
\BOOKMARK [2][-]{subsection.10.6.5}{\376\377\000T\000y\000p\000e\000s\000\040\000o\000f\000\040\000I\000d\000e\000a\000l\000s}{section.10.6}% 328
\BOOKMARK [1][-]{section.10.7}{\376\377\000I\000n\000t\000e\000g\000r\000a\000l\000\040\000D\000o\000m\000a\000i\000n\000s}{chapter.10}% 329
\BOOKMARK [2][-]{subsection.10.7.1}{\376\377\000F\000i\000e\000l\000d\000\040\000o\000f\000\040\000F\000r\000a\000c\000t\000i\000o\000n\000s}{section.10.7}% 330
\BOOKMARK [2][-]{subsection.10.7.2}{\376\377\000D\000i\000v\000i\000s\000i\000b\000i\000l\000i\000t\000y}{section.10.7}% 331
\BOOKMARK [2][-]{subsection.10.7.3}{\376\377\000P\000r\000i\000m\000e\000s\000\040\000a\000n\000d\000\040\000I\000r\000r\000e\000d\000u\000c\000i\000b\000l\000e\000s}{section.10.7}% 332
\BOOKMARK [2][-]{subsection.10.7.4}{\376\377\000U\000n\000i\000q\000u\000e\000\040\000F\000a\000c\000t\000o\000r\000i\000z\000a\000t\000i\000o\000n\000\040\000D\000o\000m\000a\000i\000n\000s}{section.10.7}% 333
\BOOKMARK [2][-]{subsection.10.7.5}{\376\377\000P\000r\000i\000n\000c\000i\000p\000a\000l\000\040\000I\000d\000e\000a\000l\000\040\000D\000o\000m\000a\000i\000n\000s}{section.10.7}% 334
\BOOKMARK [2][-]{subsection.10.7.6}{\376\377\000E\000u\000c\000l\000i\000d\000e\000a\000n\000\040\000D\000o\000m\000a\000i\000n\000s}{section.10.7}% 335
\BOOKMARK [1][-]{section.10.8}{\376\377\000P\000o\000l\000y\000n\000o\000m\000i\000a\000l\000s}{chapter.10}% 336
\BOOKMARK [2][-]{subsection.10.8.1}{\376\377\000P\000o\000l\000y\000n\000o\000m\000i\000a\000l\000s\000\040\000o\000v\000e\000r\000\040\000G\000e\000n\000e\000r\000a\000l\000\040\000R\000i\000n\000g\000s}{section.10.8}% 337
\BOOKMARK [2][-]{subsection.10.8.2}{\376\377\000P\000o\000l\000y\000n\000o\000m\000i\000a\000l\000s\000\040\000o\000v\000e\000r\000\040\000I\000n\000t\000e\000g\000r\000a\000l\000\040\000D\000o\000m\000a\000i\000n\000s}{section.10.8}% 338
\BOOKMARK [2][-]{subsection.10.8.3}{\376\377\000P\000o\000l\000y\000n\000o\000m\000i\000a\000l\000s\000\040\000o\000v\000e\000r\000\040\000U\000F\000D\000s}{section.10.8}% 339
\BOOKMARK [2][-]{subsection.10.8.4}{\376\377\000P\000o\000l\000y\000n\000o\000m\000i\000a\000l\000s\000\040\000o\000v\000e\000r\000\040\000a\000\040\000F\000i\000e\000l\000d}{section.10.8}% 340
\BOOKMARK [2][-]{subsection.10.8.5}{\376\377\000N\000u\000m\000b\000e\000r\000\040\000F\000i\000e\000l\000d\000s}{section.10.8}% 341
\BOOKMARK [1][-]{section.10.9}{\376\377\000I\000m\000p\000o\000r\000t\000a\000n\000t\000\040\000R\000i\000n\000g\000s\000\040\000t\000o\000\040\000N\000o\000t\000e}{chapter.10}% 342
\BOOKMARK [2][-]{subsection.10.9.1}{\376\377\000T\000h\000e\000\040\000N\000u\000m\000b\000e\000r\000\040\000F\000i\000e\000l\000d\000s\000\040\000Z\000,\000\040\000Q\000,\000\040\000R\000\040\000a\000n\000d\000\040\000C\000\040\000a\000n\000d\000\040\000i\000t\000s\000\040\000P\000o\000l\000y\000n\000o\000m\000i\000a\000l\000\040\000R\000i\000n\000g\000s}{section.10.9}% 343
\BOOKMARK [2][-]{subsection.10.9.2}{\376\377\000T\000h\000e\000\040\000M\000o\000d\000u\000l\000o\000\040\000R\000i\000n\000g\000s\000\040\000Z\000/\000n\000Z\000\040\000a\000n\000d\000\040\000t\000h\000e\000\040\000F\000i\000n\000i\000t\000e\000\040\000F\000i\000e\000l\000d\000s\000\040\000F\000p}{section.10.9}% 344
\BOOKMARK [2][-]{subsection.10.9.3}{\376\377\000T\000h\000e\000\040\000M\000a\000t\000r\000i\000x\000\040\000G\000r\000o\000u\000p\000s\000\040\000G\000L\000\050\000n\000,\000F\000\051\000,\000\040\000S\000L\000\050\000n\000,\000F\000\051\000\040\000a\000n\000d\000\040\000O\000\050\000n\000\051}{section.10.9}% 345
\BOOKMARK [0][-]{chapter.11}{\376\377\000I\000n\000t\000r\000o\000d\000u\000c\000t\000i\000o\000n\000\040\000t\000o\000\040\000N\000u\000m\000b\000e\000r\000\040\000T\000h\000e\000o\000r\000y}{part.4}% 346
\BOOKMARK [1][-]{section.11.1}{\376\377\000P\000r\000o\000p\000e\000r\000t\000i\000e\000s\000\040\000o\000f\000\040\000t\000h\000e\000\040\000I\000n\000t\000e\000g\000e\000r\000s}{chapter.11}% 347
\BOOKMARK [2][-]{subsection.11.1.1}{\376\377\000D\000i\000v\000i\000s\000i\000b\000i\000l\000i\000t\000y}{section.11.1}% 348
\BOOKMARK [2][-]{subsection.11.1.2}{\376\377\000T\000h\000e\000\040\000D\000i\000v\000i\000s\000i\000o\000n\000\040\000A\000l\000g\000o\000r\000i\000t\000h\000m}{section.11.1}% 349
\BOOKMARK [2][-]{subsection.11.1.3}{\376\377\000U\000n\000i\000q\000u\000e\000\040\000F\000a\000c\000t\000o\000r\000i\000z\000a\000t\000i\000o\000n}{section.11.1}% 350
\BOOKMARK [1][-]{section.11.2}{\376\377\000C\000o\000n\000g\000r\000u\000e\000n\000c\000e\000s}{chapter.11}% 351
\BOOKMARK [2][-]{subsection.11.2.1}{\376\377\000M\000o\000d\000u\000l\000a\000r\000\040\000A\000r\000i\000t\000h\000m\000e\000t\000i\000c}{section.11.2}% 352
\BOOKMARK [2][-]{subsection.11.2.2}{\376\377\000L\000i\000n\000e\000a\000r\000\040\000C\000o\000n\000g\000r\000u\000e\000n\000c\000e\000s}{section.11.2}% 353
\BOOKMARK [2][-]{subsection.11.2.3}{\376\377\000M\000u\000l\000t\000i\000p\000l\000i\000c\000a\000t\000i\000v\000e\000\040\000F\000u\000n\000c\000t\000i\000o\000n\000s}{section.11.2}% 354
\BOOKMARK [2][-]{subsection.11.2.4}{\376\377\000S\000p\000e\000c\000i\000a\000l\000\040\000C\000o\000n\000g\000r\000u\000e\000n\000c\000e\000s}{section.11.2}% 355
\BOOKMARK [2][-]{subsection.11.2.5}{\376\377\000O\000r\000d\000e\000r\000\040\000a\000n\000d\000\040\000P\000r\000i\000m\000i\000t\000i\000v\000e\000\040\000R\000o\000o\000t\000s}{section.11.2}% 356
\BOOKMARK [1][-]{section.11.3}{\376\377\000Q\000u\000a\000d\000r\000a\000t\000i\000c\000\040\000C\000o\000n\000g\000r\000u\000e\000n\000c\000e\000s}{chapter.11}% 357
\BOOKMARK [2][-]{subsection.11.3.1}{\376\377\000Q\000u\000a\000d\000r\000a\000t\000i\000c\000\040\000R\000e\000s\000i\000d\000u\000e\000s}{section.11.3}% 358
\BOOKMARK [2][-]{subsection.11.3.2}{\376\377\000P\000r\000i\000m\000i\000t\000i\000v\000e\000\040\000R\000o\000o\000t\000s\000\040\000a\000n\000d\000\040\000Q\000u\000a\000d\000r\000a\000t\000i\000c\000\040\000R\000e\000s\000i\000d\000u\000e\000s}{section.11.3}% 359
\BOOKMARK [1][-]{section.11.4}{\376\377\000D\000i\000o\000p\000h\000a\000n\000t\000i\000n\000e\000\040\000E\000q\000u\000a\000t\000i\000o\000n\000s}{chapter.11}% 360
\BOOKMARK [2][-]{subsection.11.4.1}{\376\377\000I\000n\000t\000r\000o\000d\000u\000c\000t\000i\000o\000n\000\040\000t\000o\000\040\000D\000i\000o\000p\000h\000a\000n\000t\000i\000n\000e\000\040\000E\000q\000u\000a\000t\000i\000o\000n\000s}{section.11.4}% 361
\BOOKMARK [2][-]{subsection.11.4.2}{\376\377\000L\000a\000t\000t\000i\000c\000e\000s}{section.11.4}% 362
\BOOKMARK [2][-]{subsection.11.4.3}{\376\377\000S\000u\000m\000\040\000o\000f\000\040\000S\000q\000u\000a\000r\000e\000s}{section.11.4}% 363
\BOOKMARK [2][-]{subsection.11.4.4}{\376\377\000G\000a\000u\000s\000s\000i\000a\000n\000\040\000I\000n\000t\000e\000g\000e\000r\000s}{section.11.4}% 364
\BOOKMARK [2][-]{subsection.11.4.5}{\376\377\000P\000y\000t\000h\000a\000g\000o\000r\000e\000a\000n\000\040\000T\000r\000i\000p\000l\000e\000s}{section.11.4}% 365
\BOOKMARK [2][-]{subsection.11.4.6}{\376\377\000T\000e\000r\000n\000a\000r\000y\000\040\000Q\000u\000a\000d\000r\000a\000t\000i\000c\000\040\000E\000q\000u\000a\000t\000i\000o\000n}{section.11.4}% 366
\BOOKMARK [2][-]{subsection.11.4.7}{\376\377\000W\000a\000r\000i\000n\000g\000'\000s\000\040\000P\000r\000o\000b\000l\000e\000m}{section.11.4}% 367
