\BOOKMARK [1][-]{section.1}{\376\377\000A\000l\000g\000e\000b\000r\000a\000\040\000o\000f\000\040\000C\000h\000a\000i\000n\000\040\000C\000o\000m\000p\000l\000e\000x\000e\000s}{}% 1
\BOOKMARK [2][-]{subsection.1.1}{\376\377\000C\000h\000a\000i\000n\000\040\000C\000o\000m\000p\000l\000e\000x\000e\000s}{section.1}% 2
\BOOKMARK [2][-]{subsection.1.2}{\376\377\000E\000x\000a\000c\000t\000\040\000S\000e\000q\000u\000e\000n\000c\000e\000s}{section.1}% 3
\BOOKMARK [2][-]{subsection.1.3}{\376\377\000C\000h\000a\000i\000n\000\040\000H\000o\000m\000o\000t\000o\000p\000y}{section.1}% 4
\BOOKMARK [2][-]{subsection.1.4}{\376\377\000S\000e\000q\000u\000e\000n\000c\000e\000s\000\040\000o\000f\000\040\000C\000h\000a\000i\000n\000\040\000C\000o\000m\000p\000l\000e\000x\000e\000s}{section.1}% 5
\BOOKMARK [1][-]{section.2}{\376\377\000S\000i\000m\000p\000l\000i\000c\000i\000a\000l\000\040\000H\000o\000m\000o\000l\000o\000g\000y}{}% 6
\BOOKMARK [2][-]{subsection.2.1}{\376\377\000S\000i\000m\000p\000l\000e\000x\000e\000s}{section.2}% 7
\BOOKMARK [2][-]{subsection.2.2}{\376\377\000S\000i\000m\000p\000l\000i\000c\000i\000a\000l\000\040\000C\000o\000m\000p\000l\000e\000x\000e\000s}{section.2}% 8
\BOOKMARK [2][-]{subsection.2.3}{\376\377\000D\000e\000l\000t\000a\000\040\000C\000o\000m\000p\000l\000e\000x\000e\000s}{section.2}% 9
\BOOKMARK [2][-]{subsection.2.4}{\376\377\000S\000i\000m\000p\000l\000i\000c\000i\000a\000l\000\040\000H\000o\000m\000o\000l\000o\000g\000y}{section.2}% 10
\BOOKMARK [1][-]{section.3}{\376\377\000I\000n\000t\000r\000o\000d\000u\000c\000t\000i\000o\000n\000\040\000t\000o\000\040\000S\000i\000n\000g\000u\000l\000a\000r\000\040\000H\000o\000m\000o\000l\000o\000g\000y}{}% 11
\BOOKMARK [2][-]{subsection.3.1}{\376\377\000S\000i\000n\000g\000u\000l\000a\000r\000\040\000n\000-\000S\000i\000m\000p\000l\000e\000x\000e\000s\000\040\000a\000n\000d\000\040\000S\000i\000n\000g\000u\000l\000a\000r\000\040\000H\000o\000m\000o\000l\000o\000g\000y}{section.3}% 12
\BOOKMARK [2][-]{subsection.3.2}{\376\377\000R\000e\000l\000a\000t\000i\000o\000n\000\040\000t\000o\000\040\000t\000h\000e\000\040\000L\000o\000w\000\040\000D\000e\000g\000r\000e\000e\000\040\000H\000o\000m\000o\000t\000o\000p\000y\000\040\000G\000r\000o\000u\000p\000s}{section.3}% 13
\BOOKMARK [2][-]{subsection.3.3}{\376\377\000R\000e\000d\000u\000c\000e\000d\000\040\000H\000o\000m\000o\000l\000o\000g\000y}{section.3}% 14
\BOOKMARK [1][-]{section.4}{\376\377\000C\000o\000m\000p\000u\000t\000i\000n\000g\000\040\000t\000h\000e\000\040\000S\000i\000n\000g\000u\000l\000a\000r\000\040\000H\000o\000m\000o\000l\000o\000g\000y\000\040\000G\000r\000o\000u\000p\000s}{}% 15
\BOOKMARK [2][-]{subsection.4.1}{\376\377\000H\000o\000m\000o\000t\000o\000p\000y\000\040\000I\000n\000v\000a\000r\000i\000a\000n\000c\000e}{section.4}% 16
\BOOKMARK [2][-]{subsection.4.2}{\376\377\000B\000a\000r\000y\000c\000e\000n\000t\000r\000i\000c\000\040\000S\000u\000b\000d\000i\000v\000i\000s\000i\000o\000n}{section.4}% 17
\BOOKMARK [2][-]{subsection.4.3}{\376\377\000M\000a\000y\000e\000r\000-\000V\000i\000e\000t\000o\000r\000i\000s\000\040\000S\000e\000q\000u\000e\000n\000c\000e}{section.4}% 18
\BOOKMARK [2][-]{subsection.4.4}{\376\377\000C\000o\000m\000p\000u\000t\000a\000t\000i\000o\000n\000s\000\040\000o\000f\000\040\000t\000h\000e\000\040\000H\000o\000m\000o\000l\000o\000g\000y\000\040\000G\000r\000o\000u\000p\000s}{section.4}% 19
\BOOKMARK [1][-]{section.5}{\376\377\000A\000p\000p\000l\000i\000c\000a\000t\000i\000o\000n\000s\000\040\000o\000f\000\040\000S\000i\000n\000g\000u\000l\000a\000r\000\040\000H\000o\000m\000o\000l\000o\000g\000y}{}% 20
\BOOKMARK [2][-]{subsection.5.1}{\376\377\000B\000r\000o\000u\000w\000e\000r\000\040\000F\000i\000x\000e\000d\000\040\000P\000o\000i\000n\000t\000\040\000T\000h\000e\000o\000r\000e\000m}{section.5}% 21
\BOOKMARK [2][-]{subsection.5.2}{\376\377\000J\000o\000r\000d\000a\000n\000\040\000C\000u\000r\000v\000e\000\040\000T\000h\000e\000o\000r\000e\000m}{section.5}% 22
\BOOKMARK [2][-]{subsection.5.3}{\376\377\000T\000h\000e\000\040\000F\000u\000n\000d\000a\000m\000e\000n\000t\000a\000l\000\040\000C\000l\000a\000s\000s\000\040\000o\000f\000\040\000a\000\040\000S\000p\000h\000e\000r\000e}{section.5}% 23
\BOOKMARK [1][-]{section.6}{\376\377\000R\000e\000l\000a\000t\000i\000v\000e\000\040\000H\000o\000m\000o\000l\000o\000g\000y}{}% 24
\BOOKMARK [2][-]{subsection.6.1}{\376\377\000R\000e\000l\000a\000t\000i\000v\000e\000\040\000H\000o\000m\000o\000l\000o\000g\000y\000\040\000G\000r\000o\000u\000p\000s}{section.6}% 25
\BOOKMARK [2][-]{subsection.6.2}{\376\377\000Q\000u\000o\000t\000i\000e\000n\000t\000\040\000S\000p\000a\000c\000e\000s\000\040\000a\000n\000d\000\040\000E\000x\000c\000i\000s\000i\000o\000n}{section.6}% 26
\BOOKMARK [2][-]{subsection.6.3}{\376\377\000L\000o\000c\000a\000l\000\040\000H\000o\000m\000o\000l\000o\000g\000y\000\040\000G\000r\000o\000u\000p\000s}{section.6}% 27
\BOOKMARK [1][-]{section.7}{\376\377\000D\000e\000g\000r\000e\000e\000\040\000T\000h\000e\000o\000r\000y\000\040\000a\000n\000d\000\040\000C\000e\000l\000l\000u\000l\000a\000r\000\040\000H\000o\000m\000o\000l\000o\000g\000y}{}% 28
\BOOKMARK [2][-]{subsection.7.1}{\376\377\000D\000e\000g\000r\000e\000e\000\040\000o\000f\000\040\000C\000o\000n\000t\000i\000n\000u\000o\000u\000s\000\040\000M\000a\000p\000s}{section.7}% 29
\BOOKMARK [2][-]{subsection.7.2}{\376\377\000L\000o\000c\000a\000l\000\040\000D\000e\000g\000r\000e\000e}{section.7}% 30
\BOOKMARK [2][-]{subsection.7.3}{\376\377\000C\000e\000l\000l\000u\000l\000a\000r\000\040\000H\000o\000m\000o\000l\000o\000g\000y}{section.7}% 31
\BOOKMARK [1][-]{section.8}{\376\377\000V\000a\000r\000i\000a\000n\000t\000s\000\040\000o\000f\000\040\000S\000i\000n\000g\000u\000l\000a\000r\000\040\000H\000o\000m\000o\000l\000o\000g\000y}{}% 32
\BOOKMARK [2][-]{subsection.8.1}{\376\377\000U\000n\000i\000f\000i\000c\000a\000t\000i\000o\000n\000\040\000o\000f\000\040\000t\000h\000e\000\040\000H\000o\000m\000o\000l\000o\000g\000y\000\040\000T\000h\000e\000o\000r\000i\000e\000s}{section.8}% 33
\BOOKMARK [2][-]{subsection.8.2}{\376\377\000T\000h\000e\000\040\000T\000e\000n\000s\000o\000r\000\040\000P\000r\000o\000d\000u\000c\000t\000\040\000F\000u\000n\000c\000t\000o\000r}{section.8}% 34
\BOOKMARK [2][-]{subsection.8.3}{\376\377\000H\000o\000m\000o\000l\000o\000g\000y\000\040\000w\000i\000t\000h\000\040\000C\000o\000e\000f\000f\000i\000c\000i\000e\000n\000t\000s}{section.8}% 35
\BOOKMARK [1][-]{section.9}{\376\377\000A\000l\000g\000e\000b\000r\000a\000\040\000o\000f\000\040\000C\000o\000c\000h\000a\000i\000n\000\040\000C\000o\000m\000p\000l\000e\000x\000e\000s}{}% 36
\BOOKMARK [2][-]{subsection.9.1}{\376\377\000C\000o\000c\000h\000a\000i\000n\000\040\000C\000o\000m\000p\000l\000e\000x\000e\000s}{section.9}% 37
\BOOKMARK [2][-]{subsection.9.2}{\376\377\000H\000o\000m\000\040\000F\000u\000n\000c\000t\000o\000r\000\040\000f\000o\000r\000\040\000A\000b\000e\000l\000i\000a\000n\000\040\000G\000r\000o\000u\000p\000s}{section.9}% 38
\BOOKMARK [2][-]{subsection.9.3}{\376\377\000P\000r\000o\000d\000u\000c\000i\000n\000g\000\040\000a\000\040\000C\000o\000c\000h\000a\000i\000n\000\040\000C\000o\000m\000p\000l\000e\000x\000\040\000f\000r\000o\000m\000\040\000a\000\040\000C\000h\000a\000i\000n\000\040\000C\000o\000m\000p\000l\000e\000x}{section.9}% 39
\BOOKMARK [1][-]{section.10}{\376\377\000T\000h\000e\000\040\000C\000h\000o\000i\000c\000e\000\040\000o\000f\000\040\000C\000o\000e\000f\000f\000i\000c\000i\000e\000n\000t\000s\000\040\000i\000n\000\040\000S\000i\000n\000g\000u\000l\000a\000r\000\040\000\050\000C\000o\000\051\000H\000o\000m\000o\000l\000o\000g\000y}{}% 40
\BOOKMARK [2][-]{subsection.10.1}{\376\377\000F\000r\000e\000e\000\040\000R\000e\000s\000o\000l\000u\000t\000i\000o\000n\000s}{section.10}% 41
\BOOKMARK [2][-]{subsection.10.2}{\376\377\000U\000n\000i\000v\000e\000r\000s\000a\000l\000\040\000C\000o\000e\000f\000f\000i\000c\000i\000e\000n\000t\000\040\000T\000h\000e\000o\000r\000e\000m\000\040\000f\000o\000r\000\040\000C\000o\000h\000o\000m\000o\000l\000o\000g\000y}{section.10}% 42
\BOOKMARK [2][-]{subsection.10.3}{\376\377\000U\000n\000i\000v\000e\000r\000s\000a\000l\000\040\000C\000o\000e\000f\000f\000i\000c\000i\000e\000n\000t\000\040\000T\000h\000e\000o\000r\000e\000m\000\040\000f\000o\000r\000\040\000H\000o\000m\000o\000l\000o\000g\000y}{section.10}% 43
\BOOKMARK [1][-]{section.11}{\376\377\000S\000i\000n\000g\000u\000l\000a\000r\000\040\000C\000o\000h\000o\000m\000o\000l\000o\000g\000y}{}% 44
\BOOKMARK [2][-]{subsection.11.1}{\376\377\000S\000i\000n\000g\000u\000l\000a\000r\000\040\000C\000o\000h\000o\000m\000o\000l\000o\000g\000y}{section.11}% 45
\BOOKMARK [2][-]{subsection.11.2}{\376\377\000P\000r\000o\000p\000e\000r\000t\000i\000e\000s\000\040\000o\000f\000\040\000S\000i\000n\000g\000u\000l\000a\000r\000\040\000C\000o\000h\000o\000m\000o\000l\000o\000g\000y}{section.11}% 46
\BOOKMARK [2][-]{subsection.11.3}{\376\377\000R\000e\000l\000a\000t\000i\000v\000e\000\040\000C\000o\000h\000o\000m\000o\000l\000o\000g\000y}{section.11}% 47
\BOOKMARK [2][-]{subsection.11.4}{\376\377\000T\000h\000e\000\040\000C\000u\000p\000\040\000P\000r\000o\000d\000u\000c\000t}{section.11}% 48
\BOOKMARK [2][-]{subsection.11.5}{\376\377\000T\000h\000e\000\040\000K\000u\000n\000n\000e\000t\000h\000\040\000F\000o\000r\000m\000u\000l\000a}{section.11}% 49
\BOOKMARK [1][-]{section.12}{\376\377\000V\000a\000r\000i\000a\000n\000t\000s\000\040\000o\000f\000\040\000C\000o\000h\000o\000m\000o\000l\000o\000g\000y}{}% 50
\BOOKMARK [2][-]{subsection.12.1}{\376\377\000S\000i\000m\000p\000l\000i\000c\000i\000a\000l\000\040\000C\000o\000h\000o\000m\000o\000l\000o\000g\000y}{section.12}% 51
\BOOKMARK [2][-]{subsection.12.2}{\376\377\000C\000e\000l\000l\000u\000l\000a\000r\000\040\000C\000o\000h\000o\000m\000o\000l\000o\000g\000y}{section.12}% 52
\BOOKMARK [1][-]{section.13}{\376\377\000T\000h\000e\000\040\000C\000a\000t\000e\000g\000o\000r\000i\000c\000a\000l\000\040\000V\000i\000e\000w\000p\000o\000i\000n\000t}{}% 53
\BOOKMARK [2][-]{subsection.13.1}{\376\377\000D\000i\000f\000f\000e\000r\000e\000n\000t\000\040\000C\000a\000t\000e\000g\000o\000r\000i\000e\000s\000\040\000o\000f\000\040\000S\000p\000a\000c\000e\000s}{section.13}% 54
\BOOKMARK [2][-]{subsection.13.2}{\376\377\000C\000a\000t\000e\000g\000o\000r\000i\000c\000a\000l\000\040\000C\000o\000n\000s\000t\000r\000u\000c\000t\000s\000\040\000i\000n\000\040\000t\000h\000e\000\040\000C\000a\000t\000e\000g\000o\000r\000y\000\040\000o\000f\000\040\000S\000p\000a\000c\000e\000s}{section.13}% 55
\BOOKMARK [1][-]{section.14}{\376\377\000S\000u\000s\000p\000e\000n\000s\000i\000o\000n\000s\000\040\000a\000n\000d\000\040\000L\000o\000o\000p\000s\000p\000a\000c\000e\000s}{}% 56
\BOOKMARK [2][-]{subsection.14.1}{\376\377\000S\000u\000s\000p\000e\000n\000s\000i\000o\000n\000s\000\040\000o\000f\000\040\000a\000\040\000S\000p\000a\000c\000e}{section.14}% 57
\BOOKMARK [2][-]{subsection.14.2}{\376\377\000T\000h\000e\000\040\000C\000o\000n\000s\000t\000r\000u\000c\000t\000i\000o\000n\000\040\000o\000f\000\040\000t\000h\000e\000\040\000L\000o\000o\000p\000\040\000S\000p\000a\000c\000e}{section.14}% 58
\BOOKMARK [2][-]{subsection.14.3}{\376\377\000T\000h\000e\000\040\000S\000u\000s\000p\000e\000n\000s\000i\000o\000n\000-\000L\000o\000o\000p\000s\000p\000a\000c\000e\000\040\000A\000d\000j\000u\000n\000c\000t\000i\000o\000n}{section.14}% 59
\BOOKMARK [2][-]{subsection.14.4}{\376\377\000\050\000C\000o\000\051\000H\000o\000m\000o\000l\000o\000g\000y\000\040\000o\000f\000\040\000S\000u\000s\000p\000e\000n\000s\000i\000o\000n\000s\000\040\000a\000n\000d\000\040\000L\000o\000o\000p\000s\000p\000a\000c\000e\000s}{section.14}% 60
\BOOKMARK [2][-]{subsection.14.5}{\376\377\000G\000r\000o\000u\000p\000\040\000S\000t\000r\000u\000c\000t\000u\000r\000e\000\040\000o\000n\000\040\000t\000h\000e\000\040\000S\000e\000t\000\040\000o\000f\000\040\000M\000a\000p\000s}{section.14}% 61
\BOOKMARK [1][-]{section.15}{\376\377\000H\000o\000m\000o\000l\000o\000g\000y\000\040\000a\000n\000d\000\040\000C\000o\000h\000o\000m\000o\000l\000o\000g\000y\000\040\000T\000h\000e\000o\000r\000i\000e\000s}{}% 62
\BOOKMARK [2][-]{subsection.15.1}{\376\377\000G\000e\000n\000e\000r\000a\000l\000i\000z\000e\000d\000\040\000H\000o\000m\000o\000l\000o\000g\000y\000\040\000T\000h\000e\000o\000r\000i\000e\000s}{section.15}% 63
\BOOKMARK [2][-]{subsection.15.2}{\376\377\000O\000r\000d\000i\000n\000a\000r\000y\000\040\000H\000o\000m\000o\000l\000o\000g\000y\000\040\000T\000h\000e\000o\000r\000i\000e\000s}{section.15}% 64
\BOOKMARK [2][-]{subsection.15.3}{\376\377\000R\000e\000d\000u\000c\000e\000d\000\040\000H\000o\000m\000o\000l\000o\000g\000y\000\040\000T\000h\000e\000o\000r\000y}{section.15}% 65
\BOOKMARK [2][-]{subsection.15.4}{\376\377\000G\000e\000n\000e\000r\000a\000l\000i\000z\000e\000d\000\040\000C\000o\000h\000o\000m\000o\000l\000o\000g\000y\000\040\000T\000h\000e\000o\000r\000i\000e\000s}{section.15}% 66
\BOOKMARK [2][-]{subsection.15.5}{\376\377\000O\000r\000d\000i\000n\000a\000r\000y\000\040\000C\000o\000h\000o\000m\000o\000l\000o\000g\000y\000\040\000T\000h\000e\000o\000r\000i\000e\000s}{section.15}% 67
\BOOKMARK [2][-]{subsection.15.6}{\376\377\000R\000e\000d\000u\000c\000e\000d\000\040\000C\000o\000h\000o\000m\000o\000l\000o\000g\000y\000\040\000T\000h\000e\000o\000r\000i\000e\000s}{section.15}% 68
\BOOKMARK [1][-]{section.16}{\376\377\000T\000h\000e\000\040\000E\000u\000l\000e\000r\000\040\000C\000h\000a\000r\000a\000c\000t\000e\000r\000i\000s\000t\000i\000c}{}% 69
\BOOKMARK [2][-]{subsection.16.1}{\376\377\000T\000h\000e\000\040\000C\000h\000a\000r\000a\000c\000t\000e\000r\000i\000s\000t\000i\000c\000\040\000a\000s\000\040\000a\000n\000\040\000I\000n\000v\000a\000r\000i\000a\000n\000t}{section.16}% 70
\BOOKMARK [2][-]{subsection.16.2}{\376\377\000F\000i\000r\000s\000t\000\040\000P\000r\000o\000p\000e\000r\000t\000i\000e\000s\000\040\000o\000f\000\040\000t\000h\000e\000\040\000E\000u\000l\000e\000r\000\040\000C\000h\000a\000r\000a\000c\000t\000e\000r\000i\000s\000t\000i\000c}{section.16}% 71
